Copyright 1986-2022 Xilinx, Inc. All Rights Reserved. Copyright 2022-2024 Advanced Micro Devices, Inc. All Rights Reserved.
---------------------------------------------------------------------------------------------------------------------------------------------
| Tool Version : Vivado v.2024.2 (lin64) Build 5239630 Fri Nov 08 22:34:34 MST 2024
| Date         : Fri Apr 17 14:16:35 2026
| Host         : user1-H410M-HD3P running 64-bit Ubuntu 24.04.3 LTS
| Command      : report_drc -file robot_arm_wrapper_drc_opted.rpt -pb robot_arm_wrapper_drc_opted.pb -rpx robot_arm_wrapper_drc_opted.rpx
| Design       : robot_arm_wrapper
| Device       : xc7a35tcpg236-1
| Speed File   : -1
| Design State : Synthesized
---------------------------------------------------------------------------------------------------------------------------------------------

Report DRC

Table of Contents
-----------------
1. REPORT SUMMARY
2. REPORT DETAILS

1. REPORT SUMMARY
-----------------
            Netlist: netlist
          Floorplan: design_1
      Design limits: <entire design considered>
           Ruledeck: default
             Max checks: <unlimited>
             Checks found: 100
+--------+----------+-------------------------+--------+
| Rule   | Severity | Description             | Checks |
+--------+----------+-------------------------+--------+
| DPIP-1 | Warning  | Input pipelining        | 4      |
| DPOP-1 | Warning  | PREG Output pipelining  | 4      |
| DPOP-2 | Warning  | MREG Output pipelining  | 4      |
| DPOR-1 | Warning  | Asynchronous load check | 88     |
+--------+----------+-------------------------+--------+

2. REPORT DETAILS
-----------------
DPIP-1#1 Warning
Input pipelining  
DSP robot_arm_i/servo_pwm_4ch_0/inst/pulse0_ticks0 input robot_arm_i/servo_pwm_4ch_0/inst/pulse0_ticks0/A[29:0] is not pipelined. Pipelining DSP48 input will improve performance.
Related violations: <none>

DPIP-1#2 Warning
Input pipelining  
DSP robot_arm_i/servo_pwm_4ch_0/inst/pulse1_ticks0 input robot_arm_i/servo_pwm_4ch_0/inst/pulse1_ticks0/A[29:0] is not pipelined. Pipelining DSP48 input will improve performance.
Related violations: <none>

DPIP-1#3 Warning
Input pipelining  
DSP robot_arm_i/servo_pwm_4ch_0/inst/pulse2_ticks0 input robot_arm_i/servo_pwm_4ch_0/inst/pulse2_ticks0/A[29:0] is not pipelined. Pipelining DSP48 input will improve performance.
Related violations: <none>

DPIP-1#4 Warning
Input pipelining  
DSP robot_arm_i/servo_pwm_4ch_0/inst/pulse3_ticks0 input robot_arm_i/servo_pwm_4ch_0/inst/pulse3_ticks0/A[29:0] is not pipelined. Pipelining DSP48 input will improve performance.
Related violations: <none>

DPOP-1#1 Warning
PREG Output pipelining  
DSP robot_arm_i/servo_pwm_4ch_0/inst/pulse0_ticks0 output robot_arm_i/servo_pwm_4ch_0/inst/pulse0_ticks0/P[47:0] is not pipelined (PREG=0). Pipelining the DSP48 output will improve performance and often saves power so it is suggested whenever possible to fully pipeline this function.  If this DSP48 function was inferred, it is suggested to describe an additional register stage after this function.  If the DSP48 was instantiated in the design, it is suggested to set the PREG attribute to 1.
Related violations: <none>

DPOP-1#2 Warning
PREG Output pipelining  
DSP robot_arm_i/servo_pwm_4ch_0/inst/pulse1_ticks0 output robot_arm_i/servo_pwm_4ch_0/inst/pulse1_ticks0/P[47:0] is not pipelined (PREG=0). Pipelining the DSP48 output will improve performance and often saves power so it is suggested whenever possible to fully pipeline this function.  If this DSP48 function was inferred, it is suggested to describe an additional register stage after this function.  If the DSP48 was instantiated in the design, it is suggested to set the PREG attribute to 1.
Related violations: <none>

DPOP-1#3 Warning
PREG Output pipelining  
DSP robot_arm_i/servo_pwm_4ch_0/inst/pulse2_ticks0 output robot_arm_i/servo_pwm_4ch_0/inst/pulse2_ticks0/P[47:0] is not pipelined (PREG=0). Pipelining the DSP48 output will improve performance and often saves power so it is suggested whenever possible to fully pipeline this function.  If this DSP48 function was inferred, it is suggested to describe an additional register stage after this function.  If the DSP48 was instantiated in the design, it is suggested to set the PREG attribute to 1.
Related violations: <none>

DPOP-1#4 Warning
PREG Output pipelining  
DSP robot_arm_i/servo_pwm_4ch_0/inst/pulse3_ticks0 output robot_arm_i/servo_pwm_4ch_0/inst/pulse3_ticks0/P[47:0] is not pipelined (PREG=0). Pipelining the DSP48 output will improve performance and often saves power so it is suggested whenever possible to fully pipeline this function.  If this DSP48 function was inferred, it is suggested to describe an additional register stage after this function.  If the DSP48 was instantiated in the design, it is suggested to set the PREG attribute to 1.
Related violations: <none>

DPOP-2#1 Warning
MREG Output pipelining  
DSP robot_arm_i/servo_pwm_4ch_0/inst/pulse0_ticks0 multiplier stage robot_arm_i/servo_pwm_4ch_0/inst/pulse0_ticks0/P[47:0] is not pipelined (MREG=0). Pipelining the multiplier function will improve performance and will save significant power so it is suggested whenever possible to fully pipeline this function.  If this multiplier was inferred, it is suggested to describe an additional register stage after this function.  If there is no registered adder/accumulator following the multiply function, two pipeline stages are suggested to allow both the MREG and PREG registers to be used.  If the DSP48 was instantiated in the design, it is suggested to set both the MREG and PREG attributes to 1 when performing multiply functions.
Related violations: <none>

DPOP-2#2 Warning
MREG Output pipelining  
DSP robot_arm_i/servo_pwm_4ch_0/inst/pulse1_ticks0 multiplier stage robot_arm_i/servo_pwm_4ch_0/inst/pulse1_ticks0/P[47:0] is not pipelined (MREG=0). Pipelining the multiplier function will improve performance and will save significant power so it is suggested whenever possible to fully pipeline this function.  If this multiplier was inferred, it is suggested to describe an additional register stage after this function.  If there is no registered adder/accumulator following the multiply function, two pipeline stages are suggested to allow both the MREG and PREG registers to be used.  If the DSP48 was instantiated in the design, it is suggested to set both the MREG and PREG attributes to 1 when performing multiply functions.
Related violations: <none>

DPOP-2#3 Warning
MREG Output pipelining  
DSP robot_arm_i/servo_pwm_4ch_0/inst/pulse2_ticks0 multiplier stage robot_arm_i/servo_pwm_4ch_0/inst/pulse2_ticks0/P[47:0] is not pipelined (MREG=0). Pipelining the multiplier function will improve performance and will save significant power so it is suggested whenever possible to fully pipeline this function.  If this multiplier was inferred, it is suggested to describe an additional register stage after this function.  If there is no registered adder/accumulator following the multiply function, two pipeline stages are suggested to allow both the MREG and PREG registers to be used.  If the DSP48 was instantiated in the design, it is suggested to set both the MREG and PREG attributes to 1 when performing multiply functions.
Related violations: <none>

DPOP-2#4 Warning
MREG Output pipelining  
DSP robot_arm_i/servo_pwm_4ch_0/inst/pulse3_ticks0 multiplier stage robot_arm_i/servo_pwm_4ch_0/inst/pulse3_ticks0/P[47:0] is not pipelined (MREG=0). Pipelining the multiplier function will improve performance and will save significant power so it is suggested whenever possible to fully pipeline this function.  If this multiplier was inferred, it is suggested to describe an additional register stage after this function.  If there is no registered adder/accumulator following the multiply function, two pipeline stages are suggested to allow both the MREG and PREG registers to be used.  If the DSP48 was instantiated in the design, it is suggested to set both the MREG and PREG attributes to 1 when performing multiply functions.
Related violations: <none>

DPOR-1#1 Warning
Asynchronous load check  
DSP robot_arm_i/servo_pwm_4ch_0/inst/pulse0_ticks0 output is connected to registers with an asynchronous reset (robot_arm_i/servo_pwm_4ch_0/inst/pulse0_ticks_reg[0]). This is preventing the possibility of merging these registers in to the DSP Block since the DSP block registers only possess synchronous reset capability.  It is suggested to recode or change these registers to remove the reset or use a synchronous reset to get the best optimization for performance, power and area.
Related violations: <none>

DPOR-1#2 Warning
Asynchronous load check  
DSP robot_arm_i/servo_pwm_4ch_0/inst/pulse0_ticks0 output is connected to registers with an asynchronous reset (robot_arm_i/servo_pwm_4ch_0/inst/pulse0_ticks_reg[10]). This is preventing the possibility of merging these registers in to the DSP Block since the DSP block registers only possess synchronous reset capability.  It is suggested to recode or change these registers to remove the reset or use a synchronous reset to get the best optimization for performance, power and area.
Related violations: <none>

DPOR-1#3 Warning
Asynchronous load check  
DSP robot_arm_i/servo_pwm_4ch_0/inst/pulse0_ticks0 output is connected to registers with an asynchronous reset (robot_arm_i/servo_pwm_4ch_0/inst/pulse0_ticks_reg[11]). This is preventing the possibility of merging these registers in to the DSP Block since the DSP block registers only possess synchronous reset capability.  It is suggested to recode or change these registers to remove the reset or use a synchronous reset to get the best optimization for performance, power and area.
Related violations: <none>

DPOR-1#4 Warning
Asynchronous load check  
DSP robot_arm_i/servo_pwm_4ch_0/inst/pulse0_ticks0 output is connected to registers with an asynchronous reset (robot_arm_i/servo_pwm_4ch_0/inst/pulse0_ticks_reg[12]). This is preventing the possibility of merging these registers in to the DSP Block since the DSP block registers only possess synchronous reset capability.  It is suggested to recode or change these registers to remove the reset or use a synchronous reset to get the best optimization for performance, power and area.
Related violations: <none>

DPOR-1#5 Warning
Asynchronous load check  
DSP robot_arm_i/servo_pwm_4ch_0/inst/pulse0_ticks0 output is connected to registers with an asynchronous reset (robot_arm_i/servo_pwm_4ch_0/inst/pulse0_ticks_reg[13]). This is preventing the possibility of merging these registers in to the DSP Block since the DSP block registers only possess synchronous reset capability.  It is suggested to recode or change these registers to remove the reset or use a synchronous reset to get the best optimization for performance, power and area.
Related violations: <none>

DPOR-1#6 Warning
Asynchronous load check  
DSP robot_arm_i/servo_pwm_4ch_0/inst/pulse0_ticks0 output is connected to registers with an asynchronous reset (robot_arm_i/servo_pwm_4ch_0/inst/pulse0_ticks_reg[14]). This is preventing the possibility of merging these registers in to the DSP Block since the DSP block registers only possess synchronous reset capability.  It is suggested to recode or change these registers to remove the reset or use a synchronous reset to get the best optimization for performance, power and area.
Related violations: <none>

DPOR-1#7 Warning
Asynchronous load check  
DSP robot_arm_i/servo_pwm_4ch_0/inst/pulse0_ticks0 output is connected to registers with an asynchronous reset (robot_arm_i/servo_pwm_4ch_0/inst/pulse0_ticks_reg[15]). This is preventing the possibility of merging these registers in to the DSP Block since the DSP block registers only possess synchronous reset capability.  It is suggested to recode or change these registers to remove the reset or use a synchronous reset to get the best optimization for performance, power and area.
Related violations: <none>

DPOR-1#8 Warning
Asynchronous load check  
DSP robot_arm_i/servo_pwm_4ch_0/inst/pulse0_ticks0 output is connected to registers with an asynchronous reset (robot_arm_i/servo_pwm_4ch_0/inst/pulse0_ticks_reg[16]). This is preventing the possibility of merging these registers in to the DSP Block since the DSP block registers only possess synchronous reset capability.  It is suggested to recode or change these registers to remove the reset or use a synchronous reset to get the best optimization for performance, power and area.
Related violations: <none>

DPOR-1#9 Warning
Asynchronous load check  
DSP robot_arm_i/servo_pwm_4ch_0/inst/pulse0_ticks0 output is connected to registers with an asynchronous reset (robot_arm_i/servo_pwm_4ch_0/inst/pulse0_ticks_reg[17]). This is preventing the possibility of merging these registers in to the DSP Block since the DSP block registers only possess synchronous reset capability.  It is suggested to recode or change these registers to remove the reset or use a synchronous reset to get the best optimization for performance, power and area.
Related violations: <none>

DPOR-1#10 Warning
Asynchronous load check  
DSP robot_arm_i/servo_pwm_4ch_0/inst/pulse0_ticks0 output is connected to registers with an asynchronous reset (robot_arm_i/servo_pwm_4ch_0/inst/pulse0_ticks_reg[18]). This is preventing the possibility of merging these registers in to the DSP Block since the DSP block registers only possess synchronous reset capability.  It is suggested to recode or change these registers to remove the reset or use a synchronous reset to get the best optimization for performance, power and area.
Related violations: <none>

DPOR-1#11 Warning
Asynchronous load check  
DSP robot_arm_i/servo_pwm_4ch_0/inst/pulse0_ticks0 output is connected to registers with an asynchronous reset (robot_arm_i/servo_pwm_4ch_0/inst/pulse0_ticks_reg[19]). This is preventing the possibility of merging these registers in to the DSP Block since the DSP block registers only possess synchronous reset capability.  It is suggested to recode or change these registers to remove the reset or use a synchronous reset to get the best optimization for performance, power and area.
Related violations: <none>

DPOR-1#12 Warning
Asynchronous load check  
DSP robot_arm_i/servo_pwm_4ch_0/inst/pulse0_ticks0 output is connected to registers with an asynchronous reset (robot_arm_i/servo_pwm_4ch_0/inst/pulse0_ticks_reg[1]). This is preventing the possibility of merging these registers in to the DSP Block since the DSP block registers only possess synchronous reset capability.  It is suggested to recode or change these registers to remove the reset or use a synchronous reset to get the best optimization for performance, power and area.
Related violations: <none>

DPOR-1#13 Warning
Asynchronous load check  
DSP robot_arm_i/servo_pwm_4ch_0/inst/pulse0_ticks0 output is connected to registers with an asynchronous reset (robot_arm_i/servo_pwm_4ch_0/inst/pulse0_ticks_reg[20]). This is preventing the possibility of merging these registers in to the DSP Block since the DSP block registers only possess synchronous reset capability.  It is suggested to recode or change these registers to remove the reset or use a synchronous reset to get the best optimization for performance, power and area.
Related violations: <none>

DPOR-1#14 Warning
Asynchronous load check  
DSP robot_arm_i/servo_pwm_4ch_0/inst/pulse0_ticks0 output is connected to registers with an asynchronous reset (robot_arm_i/servo_pwm_4ch_0/inst/pulse0_ticks_reg[21]). This is preventing the possibility of merging these registers in to the DSP Block since the DSP block registers only possess synchronous reset capability.  It is suggested to recode or change these registers to remove the reset or use a synchronous reset to get the best optimization for performance, power and area.
Related violations: <none>

DPOR-1#15 Warning
Asynchronous load check  
DSP robot_arm_i/servo_pwm_4ch_0/inst/pulse0_ticks0 output is connected to registers with an asynchronous reset (robot_arm_i/servo_pwm_4ch_0/inst/pulse0_ticks_reg[2]). This is preventing the possibility of merging these registers in to the DSP Block since the DSP block registers only possess synchronous reset capability.  It is suggested to recode or change these registers to remove the reset or use a synchronous reset to get the best optimization for performance, power and area.
Related violations: <none>

DPOR-1#16 Warning
Asynchronous load check  
DSP robot_arm_i/servo_pwm_4ch_0/inst/pulse0_ticks0 output is connected to registers with an asynchronous reset (robot_arm_i/servo_pwm_4ch_0/inst/pulse0_ticks_reg[3]). This is preventing the possibility of merging these registers in to the DSP Block since the DSP block registers only possess synchronous reset capability.  It is suggested to recode or change these registers to remove the reset or use a synchronous reset to get the best optimization for performance, power and area.
Related violations: <none>

DPOR-1#17 Warning
Asynchronous load check  
DSP robot_arm_i/servo_pwm_4ch_0/inst/pulse0_ticks0 output is connected to registers with an asynchronous reset (robot_arm_i/servo_pwm_4ch_0/inst/pulse0_ticks_reg[4]). This is preventing the possibility of merging these registers in to the DSP Block since the DSP block registers only possess synchronous reset capability.  It is suggested to recode or change these registers to remove the reset or use a synchronous reset to get the best optimization for performance, power and area.
Related violations: <none>

DPOR-1#18 Warning
Asynchronous load check  
DSP robot_arm_i/servo_pwm_4ch_0/inst/pulse0_ticks0 output is connected to registers with an asynchronous reset (robot_arm_i/servo_pwm_4ch_0/inst/pulse0_ticks_reg[5]). This is preventing the possibility of merging these registers in to the DSP Block since the DSP block registers only possess synchronous reset capability.  It is suggested to recode or change these registers to remove the reset or use a synchronous reset to get the best optimization for performance, power and area.
Related violations: <none>

DPOR-1#19 Warning
Asynchronous load check  
DSP robot_arm_i/servo_pwm_4ch_0/inst/pulse0_ticks0 output is connected to registers with an asynchronous reset (robot_arm_i/servo_pwm_4ch_0/inst/pulse0_ticks_reg[6]). This is preventing the possibility of merging these registers in to the DSP Block since the DSP block registers only possess synchronous reset capability.  It is suggested to recode or change these registers to remove the reset or use a synchronous reset to get the best optimization for performance, power and area.
Related violations: <none>

DPOR-1#20 Warning
Asynchronous load check  
DSP robot_arm_i/servo_pwm_4ch_0/inst/pulse0_ticks0 output is connected to registers with an asynchronous reset (robot_arm_i/servo_pwm_4ch_0/inst/pulse0_ticks_reg[7]). This is preventing the possibility of merging these registers in to the DSP Block since the DSP block registers only possess synchronous reset capability.  It is suggested to recode or change these registers to remove the reset or use a synchronous reset to get the best optimization for performance, power and area.
Related violations: <none>

DPOR-1#21 Warning
Asynchronous load check  
DSP robot_arm_i/servo_pwm_4ch_0/inst/pulse0_ticks0 output is connected to registers with an asynchronous reset (robot_arm_i/servo_pwm_4ch_0/inst/pulse0_ticks_reg[8]). This is preventing the possibility of merging these registers in to the DSP Block since the DSP block registers only possess synchronous reset capability.  It is suggested to recode or change these registers to remove the reset or use a synchronous reset to get the best optimization for performance, power and area.
Related violations: <none>

DPOR-1#22 Warning
Asynchronous load check  
DSP robot_arm_i/servo_pwm_4ch_0/inst/pulse0_ticks0 output is connected to registers with an asynchronous reset (robot_arm_i/servo_pwm_4ch_0/inst/pulse0_ticks_reg[9]). This is preventing the possibility of merging these registers in to the DSP Block since the DSP block registers only possess synchronous reset capability.  It is suggested to recode or change these registers to remove the reset or use a synchronous reset to get the best optimization for performance, power and area.
Related violations: <none>

DPOR-1#23 Warning
Asynchronous load check  
DSP robot_arm_i/servo_pwm_4ch_0/inst/pulse1_ticks0 output is connected to registers with an asynchronous reset (robot_arm_i/servo_pwm_4ch_0/inst/pulse1_ticks_reg[0]). This is preventing the possibility of merging these registers in to the DSP Block since the DSP block registers only possess synchronous reset capability.  It is suggested to recode or change these registers to remove the reset or use a synchronous reset to get the best optimization for performance, power and area.
Related violations: <none>

DPOR-1#24 Warning
Asynchronous load check  
DSP robot_arm_i/servo_pwm_4ch_0/inst/pulse1_ticks0 output is connected to registers with an asynchronous reset (robot_arm_i/servo_pwm_4ch_0/inst/pulse1_ticks_reg[10]). This is preventing the possibility of merging these registers in to the DSP Block since the DSP block registers only possess synchronous reset capability.  It is suggested to recode or change these registers to remove the reset or use a synchronous reset to get the best optimization for performance, power and area.
Related violations: <none>

DPOR-1#25 Warning
Asynchronous load check  
DSP robot_arm_i/servo_pwm_4ch_0/inst/pulse1_ticks0 output is connected to registers with an asynchronous reset (robot_arm_i/servo_pwm_4ch_0/inst/pulse1_ticks_reg[11]). This is preventing the possibility of merging these registers in to the DSP Block since the DSP block registers only possess synchronous reset capability.  It is suggested to recode or change these registers to remove the reset or use a synchronous reset to get the best optimization for performance, power and area.
Related violations: <none>

DPOR-1#26 Warning
Asynchronous load check  
DSP robot_arm_i/servo_pwm_4ch_0/inst/pulse1_ticks0 output is connected to registers with an asynchronous reset (robot_arm_i/servo_pwm_4ch_0/inst/pulse1_ticks_reg[12]). This is preventing the possibility of merging these registers in to the DSP Block since the DSP block registers only possess synchronous reset capability.  It is suggested to recode or change these registers to remove the reset or use a synchronous reset to get the best optimization for performance, power and area.
Related violations: <none>

DPOR-1#27 Warning
Asynchronous load check  
DSP robot_arm_i/servo_pwm_4ch_0/inst/pulse1_ticks0 output is connected to registers with an asynchronous reset (robot_arm_i/servo_pwm_4ch_0/inst/pulse1_ticks_reg[13]). This is preventing the possibility of merging these registers in to the DSP Block since the DSP block registers only possess synchronous reset capability.  It is suggested to recode or change these registers to remove the reset or use a synchronous reset to get the best optimization for performance, power and area.
Related violations: <none>

DPOR-1#28 Warning
Asynchronous load check  
DSP robot_arm_i/servo_pwm_4ch_0/inst/pulse1_ticks0 output is connected to registers with an asynchronous reset (robot_arm_i/servo_pwm_4ch_0/inst/pulse1_ticks_reg[14]). This is preventing the possibility of merging these registers in to the DSP Block since the DSP block registers only possess synchronous reset capability.  It is suggested to recode or change these registers to remove the reset or use a synchronous reset to get the best optimization for performance, power and area.
Related violations: <none>

DPOR-1#29 Warning
Asynchronous load check  
DSP robot_arm_i/servo_pwm_4ch_0/inst/pulse1_ticks0 output is connected to registers with an asynchronous reset (robot_arm_i/servo_pwm_4ch_0/inst/pulse1_ticks_reg[15]). This is preventing the possibility of merging these registers in to the DSP Block since the DSP block registers only possess synchronous reset capability.  It is suggested to recode or change these registers to remove the reset or use a synchronous reset to get the best optimization for performance, power and area.
Related violations: <none>

DPOR-1#30 Warning
Asynchronous load check  
DSP robot_arm_i/servo_pwm_4ch_0/inst/pulse1_ticks0 output is connected to registers with an asynchronous reset (robot_arm_i/servo_pwm_4ch_0/inst/pulse1_ticks_reg[16]). This is preventing the possibility of merging these registers in to the DSP Block since the DSP block registers only possess synchronous reset capability.  It is suggested to recode or change these registers to remove the reset or use a synchronous reset to get the best optimization for performance, power and area.
Related violations: <none>

DPOR-1#31 Warning
Asynchronous load check  
DSP robot_arm_i/servo_pwm_4ch_0/inst/pulse1_ticks0 output is connected to registers with an asynchronous reset (robot_arm_i/servo_pwm_4ch_0/inst/pulse1_ticks_reg[17]). This is preventing the possibility of merging these registers in to the DSP Block since the DSP block registers only possess synchronous reset capability.  It is suggested to recode or change these registers to remove the reset or use a synchronous reset to get the best optimization for performance, power and area.
Related violations: <none>

DPOR-1#32 Warning
Asynchronous load check  
DSP robot_arm_i/servo_pwm_4ch_0/inst/pulse1_ticks0 output is connected to registers with an asynchronous reset (robot_arm_i/servo_pwm_4ch_0/inst/pulse1_ticks_reg[18]). This is preventing the possibility of merging these registers in to the DSP Block since the DSP block registers only possess synchronous reset capability.  It is suggested to recode or change these registers to remove the reset or use a synchronous reset to get the best optimization for performance, power and area.
Related violations: <none>

DPOR-1#33 Warning
Asynchronous load check  
DSP robot_arm_i/servo_pwm_4ch_0/inst/pulse1_ticks0 output is connected to registers with an asynchronous reset (robot_arm_i/servo_pwm_4ch_0/inst/pulse1_ticks_reg[19]). This is preventing the possibility of merging these registers in to the DSP Block since the DSP block registers only possess synchronous reset capability.  It is suggested to recode or change these registers to remove the reset or use a synchronous reset to get the best optimization for performance, power and area.
Related violations: <none>

DPOR-1#34 Warning
Asynchronous load check  
DSP robot_arm_i/servo_pwm_4ch_0/inst/pulse1_ticks0 output is connected to registers with an asynchronous reset (robot_arm_i/servo_pwm_4ch_0/inst/pulse1_ticks_reg[1]). This is preventing the possibility of merging these registers in to the DSP Block since the DSP block registers only possess synchronous reset capability.  It is suggested to recode or change these registers to remove the reset or use a synchronous reset to get the best optimization for performance, power and area.
Related violations: <none>

DPOR-1#35 Warning
Asynchronous load check  
DSP robot_arm_i/servo_pwm_4ch_0/inst/pulse1_ticks0 output is connected to registers with an asynchronous reset (robot_arm_i/servo_pwm_4ch_0/inst/pulse1_ticks_reg[20]). This is preventing the possibility of merging these registers in to the DSP Block since the DSP block registers only possess synchronous reset capability.  It is suggested to recode or change these registers to remove the reset or use a synchronous reset to get the best optimization for performance, power and area.
Related violations: <none>

DPOR-1#36 Warning
Asynchronous load check  
DSP robot_arm_i/servo_pwm_4ch_0/inst/pulse1_ticks0 output is connected to registers with an asynchronous reset (robot_arm_i/servo_pwm_4ch_0/inst/pulse1_ticks_reg[21]). This is preventing the possibility of merging these registers in to the DSP Block since the DSP block registers only possess synchronous reset capability.  It is suggested to recode or change these registers to remove the reset or use a synchronous reset to get the best optimization for performance, power and area.
Related violations: <none>

DPOR-1#37 Warning
Asynchronous load check  
DSP robot_arm_i/servo_pwm_4ch_0/inst/pulse1_ticks0 output is connected to registers with an asynchronous reset (robot_arm_i/servo_pwm_4ch_0/inst/pulse1_ticks_reg[2]). This is preventing the possibility of merging these registers in to the DSP Block since the DSP block registers only possess synchronous reset capability.  It is suggested to recode or change these registers to remove the reset or use a synchronous reset to get the best optimization for performance, power and area.
Related violations: <none>

DPOR-1#38 Warning
Asynchronous load check  
DSP robot_arm_i/servo_pwm_4ch_0/inst/pulse1_ticks0 output is connected to registers with an asynchronous reset (robot_arm_i/servo_pwm_4ch_0/inst/pulse1_ticks_reg[3]). This is preventing the possibility of merging these registers in to the DSP Block since the DSP block registers only possess synchronous reset capability.  It is suggested to recode or change these registers to remove the reset or use a synchronous reset to get the best optimization for performance, power and area.
Related violations: <none>

DPOR-1#39 Warning
Asynchronous load check  
DSP robot_arm_i/servo_pwm_4ch_0/inst/pulse1_ticks0 output is connected to registers with an asynchronous reset (robot_arm_i/servo_pwm_4ch_0/inst/pulse1_ticks_reg[4]). This is preventing the possibility of merging these registers in to the DSP Block since the DSP block registers only possess synchronous reset capability.  It is suggested to recode or change these registers to remove the reset or use a synchronous reset to get the best optimization for performance, power and area.
Related violations: <none>

DPOR-1#40 Warning
Asynchronous load check  
DSP robot_arm_i/servo_pwm_4ch_0/inst/pulse1_ticks0 output is connected to registers with an asynchronous reset (robot_arm_i/servo_pwm_4ch_0/inst/pulse1_ticks_reg[5]). This is preventing the possibility of merging these registers in to the DSP Block since the DSP block registers only possess synchronous reset capability.  It is suggested to recode or change these registers to remove the reset or use a synchronous reset to get the best optimization for performance, power and area.
Related violations: <none>

DPOR-1#41 Warning
Asynchronous load check  
DSP robot_arm_i/servo_pwm_4ch_0/inst/pulse1_ticks0 output is connected to registers with an asynchronous reset (robot_arm_i/servo_pwm_4ch_0/inst/pulse1_ticks_reg[6]). This is preventing the possibility of merging these registers in to the DSP Block since the DSP block registers only possess synchronous reset capability.  It is suggested to recode or change these registers to remove the reset or use a synchronous reset to get the best optimization for performance, power and area.
Related violations: <none>

DPOR-1#42 Warning
Asynchronous load check  
DSP robot_arm_i/servo_pwm_4ch_0/inst/pulse1_ticks0 output is connected to registers with an asynchronous reset (robot_arm_i/servo_pwm_4ch_0/inst/pulse1_ticks_reg[7]). This is preventing the possibility of merging these registers in to the DSP Block since the DSP block registers only possess synchronous reset capability.  It is suggested to recode or change these registers to remove the reset or use a synchronous reset to get the best optimization for performance, power and area.
Related violations: <none>

DPOR-1#43 Warning
Asynchronous load check  
DSP robot_arm_i/servo_pwm_4ch_0/inst/pulse1_ticks0 output is connected to registers with an asynchronous reset (robot_arm_i/servo_pwm_4ch_0/inst/pulse1_ticks_reg[8]). This is preventing the possibility of merging these registers in to the DSP Block since the DSP block registers only possess synchronous reset capability.  It is suggested to recode or change these registers to remove the reset or use a synchronous reset to get the best optimization for performance, power and area.
Related violations: <none>

DPOR-1#44 Warning
Asynchronous load check  
DSP robot_arm_i/servo_pwm_4ch_0/inst/pulse1_ticks0 output is connected to registers with an asynchronous reset (robot_arm_i/servo_pwm_4ch_0/inst/pulse1_ticks_reg[9]). This is preventing the possibility of merging these registers in to the DSP Block since the DSP block registers only possess synchronous reset capability.  It is suggested to recode or change these registers to remove the reset or use a synchronous reset to get the best optimization for performance, power and area.
Related violations: <none>

DPOR-1#45 Warning
Asynchronous load check  
DSP robot_arm_i/servo_pwm_4ch_0/inst/pulse2_ticks0 output is connected to registers with an asynchronous reset (robot_arm_i/servo_pwm_4ch_0/inst/pulse2_ticks_reg[0]). This is preventing the possibility of merging these registers in to the DSP Block since the DSP block registers only possess synchronous reset capability.  It is suggested to recode or change these registers to remove the reset or use a synchronous reset to get the best optimization for performance, power and area.
Related violations: <none>

DPOR-1#46 Warning
Asynchronous load check  
DSP robot_arm_i/servo_pwm_4ch_0/inst/pulse2_ticks0 output is connected to registers with an asynchronous reset (robot_arm_i/servo_pwm_4ch_0/inst/pulse2_ticks_reg[10]). This is preventing the possibility of merging these registers in to the DSP Block since the DSP block registers only possess synchronous reset capability.  It is suggested to recode or change these registers to remove the reset or use a synchronous reset to get the best optimization for performance, power and area.
Related violations: <none>

DPOR-1#47 Warning
Asynchronous load check  
DSP robot_arm_i/servo_pwm_4ch_0/inst/pulse2_ticks0 output is connected to registers with an asynchronous reset (robot_arm_i/servo_pwm_4ch_0/inst/pulse2_ticks_reg[11]). This is preventing the possibility of merging these registers in to the DSP Block since the DSP block registers only possess synchronous reset capability.  It is suggested to recode or change these registers to remove the reset or use a synchronous reset to get the best optimization for performance, power and area.
Related violations: <none>

DPOR-1#48 Warning
Asynchronous load check  
DSP robot_arm_i/servo_pwm_4ch_0/inst/pulse2_ticks0 output is connected to registers with an asynchronous reset (robot_arm_i/servo_pwm_4ch_0/inst/pulse2_ticks_reg[12]). This is preventing the possibility of merging these registers in to the DSP Block since the DSP block registers only possess synchronous reset capability.  It is suggested to recode or change these registers to remove the reset or use a synchronous reset to get the best optimization for performance, power and area.
Related violations: <none>

DPOR-1#49 Warning
Asynchronous load check  
DSP robot_arm_i/servo_pwm_4ch_0/inst/pulse2_ticks0 output is connected to registers with an asynchronous reset (robot_arm_i/servo_pwm_4ch_0/inst/pulse2_ticks_reg[13]). This is preventing the possibility of merging these registers in to the DSP Block since the DSP block registers only possess synchronous reset capability.  It is suggested to recode or change these registers to remove the reset or use a synchronous reset to get the best optimization for performance, power and area.
Related violations: <none>

DPOR-1#50 Warning
Asynchronous load check  
DSP robot_arm_i/servo_pwm_4ch_0/inst/pulse2_ticks0 output is connected to registers with an asynchronous reset (robot_arm_i/servo_pwm_4ch_0/inst/pulse2_ticks_reg[14]). This is preventing the possibility of merging these registers in to the DSP Block since the DSP block registers only possess synchronous reset capability.  It is suggested to recode or change these registers to remove the reset or use a synchronous reset to get the best optimization for performance, power and area.
Related violations: <none>

DPOR-1#51 Warning
Asynchronous load check  
DSP robot_arm_i/servo_pwm_4ch_0/inst/pulse2_ticks0 output is connected to registers with an asynchronous reset (robot_arm_i/servo_pwm_4ch_0/inst/pulse2_ticks_reg[15]). This is preventing the possibility of merging these registers in to the DSP Block since the DSP block registers only possess synchronous reset capability.  It is suggested to recode or change these registers to remove the reset or use a synchronous reset to get the best optimization for performance, power and area.
Related violations: <none>

DPOR-1#52 Warning
Asynchronous load check  
DSP robot_arm_i/servo_pwm_4ch_0/inst/pulse2_ticks0 output is connected to registers with an asynchronous reset (robot_arm_i/servo_pwm_4ch_0/inst/pulse2_ticks_reg[16]). This is preventing the possibility of merging these registers in to the DSP Block since the DSP block registers only possess synchronous reset capability.  It is suggested to recode or change these registers to remove the reset or use a synchronous reset to get the best optimization for performance, power and area.
Related violations: <none>

DPOR-1#53 Warning
Asynchronous load check  
DSP robot_arm_i/servo_pwm_4ch_0/inst/pulse2_ticks0 output is connected to registers with an asynchronous reset (robot_arm_i/servo_pwm_4ch_0/inst/pulse2_ticks_reg[17]). This is preventing the possibility of merging these registers in to the DSP Block since the DSP block registers only possess synchronous reset capability.  It is suggested to recode or change these registers to remove the reset or use a synchronous reset to get the best optimization for performance, power and area.
Related violations: <none>

DPOR-1#54 Warning
Asynchronous load check  
DSP robot_arm_i/servo_pwm_4ch_0/inst/pulse2_ticks0 output is connected to registers with an asynchronous reset (robot_arm_i/servo_pwm_4ch_0/inst/pulse2_ticks_reg[18]). This is preventing the possibility of merging these registers in to the DSP Block since the DSP block registers only possess synchronous reset capability.  It is suggested to recode or change these registers to remove the reset or use a synchronous reset to get the best optimization for performance, power and area.
Related violations: <none>

DPOR-1#55 Warning
Asynchronous load check  
DSP robot_arm_i/servo_pwm_4ch_0/inst/pulse2_ticks0 output is connected to registers with an asynchronous reset (robot_arm_i/servo_pwm_4ch_0/inst/pulse2_ticks_reg[19]). This is preventing the possibility of merging these registers in to the DSP Block since the DSP block registers only possess synchronous reset capability.  It is suggested to recode or change these registers to remove the reset or use a synchronous reset to get the best optimization for performance, power and area.
Related violations: <none>

DPOR-1#56 Warning
Asynchronous load check  
DSP robot_arm_i/servo_pwm_4ch_0/inst/pulse2_ticks0 output is connected to registers with an asynchronous reset (robot_arm_i/servo_pwm_4ch_0/inst/pulse2_ticks_reg[1]). This is preventing the possibility of merging these registers in to the DSP Block since the DSP block registers only possess synchronous reset capability.  It is suggested to recode or change these registers to remove the reset or use a synchronous reset to get the best optimization for performance, power and area.
Related violations: <none>

DPOR-1#57 Warning
Asynchronous load check  
DSP robot_arm_i/servo_pwm_4ch_0/inst/pulse2_ticks0 output is connected to registers with an asynchronous reset (robot_arm_i/servo_pwm_4ch_0/inst/pulse2_ticks_reg[20]). This is preventing the possibility of merging these registers in to the DSP Block since the DSP block registers only possess synchronous reset capability.  It is suggested to recode or change these registers to remove the reset or use a synchronous reset to get the best optimization for performance, power and area.
Related violations: <none>

DPOR-1#58 Warning
Asynchronous load check  
DSP robot_arm_i/servo_pwm_4ch_0/inst/pulse2_ticks0 output is connected to registers with an asynchronous reset (robot_arm_i/servo_pwm_4ch_0/inst/pulse2_ticks_reg[21]). This is preventing the possibility of merging these registers in to the DSP Block since the DSP block registers only possess synchronous reset capability.  It is suggested to recode or change these registers to remove the reset or use a synchronous reset to get the best optimization for performance, power and area.
Related violations: <none>

DPOR-1#59 Warning
Asynchronous load check  
DSP robot_arm_i/servo_pwm_4ch_0/inst/pulse2_ticks0 output is connected to registers with an asynchronous reset (robot_arm_i/servo_pwm_4ch_0/inst/pulse2_ticks_reg[2]). This is preventing the possibility of merging these registers in to the DSP Block since the DSP block registers only possess synchronous reset capability.  It is suggested to recode or change these registers to remove the reset or use a synchronous reset to get the best optimization for performance, power and area.
Related violations: <none>

DPOR-1#60 Warning
Asynchronous load check  
DSP robot_arm_i/servo_pwm_4ch_0/inst/pulse2_ticks0 output is connected to registers with an asynchronous reset (robot_arm_i/servo_pwm_4ch_0/inst/pulse2_ticks_reg[3]). This is preventing the possibility of merging these registers in to the DSP Block since the DSP block registers only possess synchronous reset capability.  It is suggested to recode or change these registers to remove the reset or use a synchronous reset to get the best optimization for performance, power and area.
Related violations: <none>

DPOR-1#61 Warning
Asynchronous load check  
DSP robot_arm_i/servo_pwm_4ch_0/inst/pulse2_ticks0 output is connected to registers with an asynchronous reset (robot_arm_i/servo_pwm_4ch_0/inst/pulse2_ticks_reg[4]). This is preventing the possibility of merging these registers in to the DSP Block since the DSP block registers only possess synchronous reset capability.  It is suggested to recode or change these registers to remove the reset or use a synchronous reset to get the best optimization for performance, power and area.
Related violations: <none>

DPOR-1#62 Warning
Asynchronous load check  
DSP robot_arm_i/servo_pwm_4ch_0/inst/pulse2_ticks0 output is connected to registers with an asynchronous reset (robot_arm_i/servo_pwm_4ch_0/inst/pulse2_ticks_reg[5]). This is preventing the possibility of merging these registers in to the DSP Block since the DSP block registers only possess synchronous reset capability.  It is suggested to recode or change these registers to remove the reset or use a synchronous reset to get the best optimization for performance, power and area.
Related violations: <none>

DPOR-1#63 Warning
Asynchronous load check  
DSP robot_arm_i/servo_pwm_4ch_0/inst/pulse2_ticks0 output is connected to registers with an asynchronous reset (robot_arm_i/servo_pwm_4ch_0/inst/pulse2_ticks_reg[6]). This is preventing the possibility of merging these registers in to the DSP Block since the DSP block registers only possess synchronous reset capability.  It is suggested to recode or change these registers to remove the reset or use a synchronous reset to get the best optimization for performance, power and area.
Related violations: <none>

DPOR-1#64 Warning
Asynchronous load check  
DSP robot_arm_i/servo_pwm_4ch_0/inst/pulse2_ticks0 output is connected to registers with an asynchronous reset (robot_arm_i/servo_pwm_4ch_0/inst/pulse2_ticks_reg[7]). This is preventing the possibility of merging these registers in to the DSP Block since the DSP block registers only possess synchronous reset capability.  It is suggested to recode or change these registers to remove the reset or use a synchronous reset to get the best optimization for performance, power and area.
Related violations: <none>

DPOR-1#65 Warning
Asynchronous load check  
DSP robot_arm_i/servo_pwm_4ch_0/inst/pulse2_ticks0 output is connected to registers with an asynchronous reset (robot_arm_i/servo_pwm_4ch_0/inst/pulse2_ticks_reg[8]). This is preventing the possibility of merging these registers in to the DSP Block since the DSP block registers only possess synchronous reset capability.  It is suggested to recode or change these registers to remove the reset or use a synchronous reset to get the best optimization for performance, power and area.
Related violations: <none>

DPOR-1#66 Warning
Asynchronous load check  
DSP robot_arm_i/servo_pwm_4ch_0/inst/pulse2_ticks0 output is connected to registers with an asynchronous reset (robot_arm_i/servo_pwm_4ch_0/inst/pulse2_ticks_reg[9]). This is preventing the possibility of merging these registers in to the DSP Block since the DSP block registers only possess synchronous reset capability.  It is suggested to recode or change these registers to remove the reset or use a synchronous reset to get the best optimization for performance, power and area.
Related violations: <none>

DPOR-1#67 Warning
Asynchronous load check  
DSP robot_arm_i/servo_pwm_4ch_0/inst/pulse3_ticks0 output is connected to registers with an asynchronous reset (robot_arm_i/servo_pwm_4ch_0/inst/pulse3_ticks_reg[0]). This is preventing the possibility of merging these registers in to the DSP Block since the DSP block registers only possess synchronous reset capability.  It is suggested to recode or change these registers to remove the reset or use a synchronous reset to get the best optimization for performance, power and area.
Related violations: <none>

DPOR-1#68 Warning
Asynchronous load check  
DSP robot_arm_i/servo_pwm_4ch_0/inst/pulse3_ticks0 output is connected to registers with an asynchronous reset (robot_arm_i/servo_pwm_4ch_0/inst/pulse3_ticks_reg[10]). This is preventing the possibility of merging these registers in to the DSP Block since the DSP block registers only possess synchronous reset capability.  It is suggested to recode or change these registers to remove the reset or use a synchronous reset to get the best optimization for performance, power and area.
Related violations: <none>

DPOR-1#69 Warning
Asynchronous load check  
DSP robot_arm_i/servo_pwm_4ch_0/inst/pulse3_ticks0 output is connected to registers with an asynchronous reset (robot_arm_i/servo_pwm_4ch_0/inst/pulse3_ticks_reg[11]). This is preventing the possibility of merging these registers in to the DSP Block since the DSP block registers only possess synchronous reset capability.  It is suggested to recode or change these registers to remove the reset or use a synchronous reset to get the best optimization for performance, power and area.
Related violations: <none>

DPOR-1#70 Warning
Asynchronous load check  
DSP robot_arm_i/servo_pwm_4ch_0/inst/pulse3_ticks0 output is connected to registers with an asynchronous reset (robot_arm_i/servo_pwm_4ch_0/inst/pulse3_ticks_reg[12]). This is preventing the possibility of merging these registers in to the DSP Block since the DSP block registers only possess synchronous reset capability.  It is suggested to recode or change these registers to remove the reset or use a synchronous reset to get the best optimization for performance, power and area.
Related violations: <none>

DPOR-1#71 Warning
Asynchronous load check  
DSP robot_arm_i/servo_pwm_4ch_0/inst/pulse3_ticks0 output is connected to registers with an asynchronous reset (robot_arm_i/servo_pwm_4ch_0/inst/pulse3_ticks_reg[13]). This is preventing the possibility of merging these registers in to the DSP Block since the DSP block registers only possess synchronous reset capability.  It is suggested to recode or change these registers to remove the reset or use a synchronous reset to get the best optimization for performance, power and area.
Related violations: <none>

DPOR-1#72 Warning
Asynchronous load check  
DSP robot_arm_i/servo_pwm_4ch_0/inst/pulse3_ticks0 output is connected to registers with an asynchronous reset (robot_arm_i/servo_pwm_4ch_0/inst/pulse3_ticks_reg[14]). This is preventing the possibility of merging these registers in to the DSP Block since the DSP block registers only possess synchronous reset capability.  It is suggested to recode or change these registers to remove the reset or use a synchronous reset to get the best optimization for performance, power and area.
Related violations: <none>

DPOR-1#73 Warning
Asynchronous load check  
DSP robot_arm_i/servo_pwm_4ch_0/inst/pulse3_ticks0 output is connected to registers with an asynchronous reset (robot_arm_i/servo_pwm_4ch_0/inst/pulse3_ticks_reg[15]). This is preventing the possibility of merging these registers in to the DSP Block since the DSP block registers only possess synchronous reset capability.  It is suggested to recode or change these registers to remove the reset or use a synchronous reset to get the best optimization for performance, power and area.
Related violations: <none>

DPOR-1#74 Warning
Asynchronous load check  
DSP robot_arm_i/servo_pwm_4ch_0/inst/pulse3_ticks0 output is connected to registers with an asynchronous reset (robot_arm_i/servo_pwm_4ch_0/inst/pulse3_ticks_reg[16]). This is preventing the possibility of merging these registers in to the DSP Block since the DSP block registers only possess synchronous reset capability.  It is suggested to recode or change these registers to remove the reset or use a synchronous reset to get the best optimization for performance, power and area.
Related violations: <none>

DPOR-1#75 Warning
Asynchronous load check  
DSP robot_arm_i/servo_pwm_4ch_0/inst/pulse3_ticks0 output is connected to registers with an asynchronous reset (robot_arm_i/servo_pwm_4ch_0/inst/pulse3_ticks_reg[17]). This is preventing the possibility of merging these registers in to the DSP Block since the DSP block registers only possess synchronous reset capability.  It is suggested to recode or change these registers to remove the reset or use a synchronous reset to get the best optimization for performance, power and area.
Related violations: <none>

DPOR-1#76 Warning
Asynchronous load check  
DSP robot_arm_i/servo_pwm_4ch_0/inst/pulse3_ticks0 output is connected to registers with an asynchronous reset (robot_arm_i/servo_pwm_4ch_0/inst/pulse3_ticks_reg[18]). This is preventing the possibility of merging these registers in to the DSP Block since the DSP block registers only possess synchronous reset capability.  It is suggested to recode or change these registers to remove the reset or use a synchronous reset to get the best optimization for performance, power and area.
Related violations: <none>

DPOR-1#77 Warning
Asynchronous load check  
DSP robot_arm_i/servo_pwm_4ch_0/inst/pulse3_ticks0 output is connected to registers with an asynchronous reset (robot_arm_i/servo_pwm_4ch_0/inst/pulse3_ticks_reg[19]). This is preventing the possibility of merging these registers in to the DSP Block since the DSP block registers only possess synchronous reset capability.  It is suggested to recode or change these registers to remove the reset or use a synchronous reset to get the best optimization for performance, power and area.
Related violations: <none>

DPOR-1#78 Warning
Asynchronous load check  
DSP robot_arm_i/servo_pwm_4ch_0/inst/pulse3_ticks0 output is connected to registers with an asynchronous reset (robot_arm_i/servo_pwm_4ch_0/inst/pulse3_ticks_reg[1]). This is preventing the possibility of merging these registers in to the DSP Block since the DSP block registers only possess synchronous reset capability.  It is suggested to recode or change these registers to remove the reset or use a synchronous reset to get the best optimization for performance, power and area.
Related violations: <none>

DPOR-1#79 Warning
Asynchronous load check  
DSP robot_arm_i/servo_pwm_4ch_0/inst/pulse3_ticks0 output is connected to registers with an asynchronous reset (robot_arm_i/servo_pwm_4ch_0/inst/pulse3_ticks_reg[20]). This is preventing the possibility of merging these registers in to the DSP Block since the DSP block registers only possess synchronous reset capability.  It is suggested to recode or change these registers to remove the reset or use a synchronous reset to get the best optimization for performance, power and area.
Related violations: <none>

DPOR-1#80 Warning
Asynchronous load check  
DSP robot_arm_i/servo_pwm_4ch_0/inst/pulse3_ticks0 output is connected to registers with an asynchronous reset (robot_arm_i/servo_pwm_4ch_0/inst/pulse3_ticks_reg[21]). This is preventing the possibility of merging these registers in to the DSP Block since the DSP block registers only possess synchronous reset capability.  It is suggested to recode or change these registers to remove the reset or use a synchronous reset to get the best optimization for performance, power and area.
Related violations: <none>

DPOR-1#81 Warning
Asynchronous load check  
DSP robot_arm_i/servo_pwm_4ch_0/inst/pulse3_ticks0 output is connected to registers with an asynchronous reset (robot_arm_i/servo_pwm_4ch_0/inst/pulse3_ticks_reg[2]). This is preventing the possibility of merging these registers in to the DSP Block since the DSP block registers only possess synchronous reset capability.  It is suggested to recode or change these registers to remove the reset or use a synchronous reset to get the best optimization for performance, power and area.
Related violations: <none>

DPOR-1#82 Warning
Asynchronous load check  
DSP robot_arm_i/servo_pwm_4ch_0/inst/pulse3_ticks0 output is connected to registers with an asynchronous reset (robot_arm_i/servo_pwm_4ch_0/inst/pulse3_ticks_reg[3]). This is preventing the possibility of merging these registers in to the DSP Block since the DSP block registers only possess synchronous reset capability.  It is suggested to recode or change these registers to remove the reset or use a synchronous reset to get the best optimization for performance, power and area.
Related violations: <none>

DPOR-1#83 Warning
Asynchronous load check  
DSP robot_arm_i/servo_pwm_4ch_0/inst/pulse3_ticks0 output is connected to registers with an asynchronous reset (robot_arm_i/servo_pwm_4ch_0/inst/pulse3_ticks_reg[4]). This is preventing the possibility of merging these registers in to the DSP Block since the DSP block registers only possess synchronous reset capability.  It is suggested to recode or change these registers to remove the reset or use a synchronous reset to get the best optimization for performance, power and area.
Related violations: <none>

DPOR-1#84 Warning
Asynchronous load check  
DSP robot_arm_i/servo_pwm_4ch_0/inst/pulse3_ticks0 output is connected to registers with an asynchronous reset (robot_arm_i/servo_pwm_4ch_0/inst/pulse3_ticks_reg[5]). This is preventing the possibility of merging these registers in to the DSP Block since the DSP block registers only possess synchronous reset capability.  It is suggested to recode or change these registers to remove the reset or use a synchronous reset to get the best optimization for performance, power and area.
Related violations: <none>

DPOR-1#85 Warning
Asynchronous load check  
DSP robot_arm_i/servo_pwm_4ch_0/inst/pulse3_ticks0 output is connected to registers with an asynchronous reset (robot_arm_i/servo_pwm_4ch_0/inst/pulse3_ticks_reg[6]). This is preventing the possibility of merging these registers in to the DSP Block since the DSP block registers only possess synchronous reset capability.  It is suggested to recode or change these registers to remove the reset or use a synchronous reset to get the best optimization for performance, power and area.
Related violations: <none>

DPOR-1#86 Warning
Asynchronous load check  
DSP robot_arm_i/servo_pwm_4ch_0/inst/pulse3_ticks0 output is connected to registers with an asynchronous reset (robot_arm_i/servo_pwm_4ch_0/inst/pulse3_ticks_reg[7]). This is preventing the possibility of merging these registers in to the DSP Block since the DSP block registers only possess synchronous reset capability.  It is suggested to recode or change these registers to remove the reset or use a synchronous reset to get the best optimization for performance, power and area.
Related violations: <none>

DPOR-1#87 Warning
Asynchronous load check  
DSP robot_arm_i/servo_pwm_4ch_0/inst/pulse3_ticks0 output is connected to registers with an asynchronous reset (robot_arm_i/servo_pwm_4ch_0/inst/pulse3_ticks_reg[8]). This is preventing the possibility of merging these registers in to the DSP Block since the DSP block registers only possess synchronous reset capability.  It is suggested to recode or change these registers to remove the reset or use a synchronous reset to get the best optimization for performance, power and area.
Related violations: <none>

DPOR-1#88 Warning
Asynchronous load check  
DSP robot_arm_i/servo_pwm_4ch_0/inst/pulse3_ticks0 output is connected to registers with an asynchronous reset (robot_arm_i/servo_pwm_4ch_0/inst/pulse3_ticks_reg[9]). This is preventing the possibility of merging these registers in to the DSP Block since the DSP block registers only possess synchronous reset capability.  It is suggested to recode or change these registers to remove the reset or use a synchronous reset to get the best optimization for performance, power and area.
Related violations: <none>


