Copyright 1986-2022 Xilinx, Inc. All Rights Reserved. Copyright 2022-2024 Advanced Micro Devices, Inc. All Rights Reserved.
-----------------------------------------------------------------------------------------------------------------------------------------------------------------------------------------
| Tool Version : Vivado v.2024.2 (lin64) Build 5239630 Fri Nov 08 22:34:34 MST 2024
| Date         : Fri Apr 17 14:17:20 2026
| Host         : user1-H410M-HD3P running 64-bit Ubuntu 24.04.3 LTS
| Command      : report_methodology -file robot_arm_wrapper_methodology_drc_routed.rpt -pb robot_arm_wrapper_methodology_drc_routed.pb -rpx robot_arm_wrapper_methodology_drc_routed.rpx
| Design       : robot_arm_wrapper
| Device       : xc7a35tcpg236-1
| Speed File   : -1
| Design State : Fully Routed
-----------------------------------------------------------------------------------------------------------------------------------------------------------------------------------------

Report Methodology

Table of Contents
-----------------
1. REPORT SUMMARY
2. REPORT DETAILS

1. REPORT SUMMARY
-----------------
            Netlist: netlist
          Floorplan: design_1
      Design limits: <entire design considered>
             Max checks: <unlimited>
             Checks found: 62
+-----------+------------------+------------------------------------------------------------------+--------+
| Rule      | Severity         | Description                                                      | Checks |
+-----------+------------------+------------------------------------------------------------------+--------+
| TIMING-6  | Critical Warning | No common primary clock between related clocks                   | 2      |
| LUTAR-1   | Warning          | LUT drives async reset alert                                     | 2      |
| TIMING-9  | Warning          | Unknown CDC Logic                                                | 1      |
| TIMING-18 | Warning          | Missing input or output delay                                    | 55     |
| TIMING-56 | Warning          | Missing logically or physically excluded clock groups constraint | 2      |
+-----------+------------------+------------------------------------------------------------------+--------+

2. REPORT DETAILS
-----------------
TIMING-6#1 Critical Warning
No common primary clock between related clocks  
The clocks clk_out1_robot_arm_clk_wiz_0 and clk_out1_robot_arm_clk_wiz_0_1 are related (timed together) but they have no common primary clock. The design could fail in hardware. To find a timing path between these clocks, run the following command: report_timing -from [get_clocks clk_out1_robot_arm_clk_wiz_0] -to [get_clocks clk_out1_robot_arm_clk_wiz_0_1]
Related violations: <none>

TIMING-6#2 Critical Warning
No common primary clock between related clocks  
The clocks clk_out1_robot_arm_clk_wiz_0_1 and clk_out1_robot_arm_clk_wiz_0 are related (timed together) but they have no common primary clock. The design could fail in hardware. To find a timing path between these clocks, run the following command: report_timing -from [get_clocks clk_out1_robot_arm_clk_wiz_0_1] -to [get_clocks clk_out1_robot_arm_clk_wiz_0]
Related violations: <none>

LUTAR-1#1 Warning
LUT drives async reset alert  
LUT cell robot_arm_i/microblaze_riscv_0/U0/riscv_core_I/Base.Core/Decode_I/Serial_Dbg_Intf.abstractcs_busy_rst_i_i_1, with 2 or more inputs, drives asynchronous preset/clear pin(s) robot_arm_i/microblaze_riscv_0/U0/riscv_core_I/Base.Core/Use_Debug_Logic.Master_Core.Debug_Perf/Serial_Dbg_Intf.abstractcs_busy_reg/CLR. The LUT may glitch and trigger an unexpected reset, even if it is a properly timed path.
Related violations: <none>

LUTAR-1#2 Warning
LUT drives async reset alert  
LUT cell robot_arm_i/microblaze_riscv_0/U0/riscv_core_I/Base.Core/Use_Debug_Logic.Master_Core.Debug_Perf/Serial_Dbg_Intf.resume_rst_i_i_1, with 2 or more inputs, drives asynchronous preset/clear pin(s) robot_arm_i/microblaze_riscv_0/U0/riscv_core_I/Base.Core/Use_Debug_Logic.Master_Core.Debug_Perf/Serial_Dbg_Intf.resumeack_reg/PRE. The LUT may glitch and trigger an unexpected reset, even if it is a properly timed path.
Related violations: <none>

TIMING-9#1 Warning
Unknown CDC Logic  
One or more asynchronous Clock Domain Crossing has been detected between 2 clock domains through a set_false_path or a set_clock_groups or set_max_delay -datapath_only constraint but no double-registers logic synchronizer has been found on the side of the capture clock. It is recommended to run report_cdc for a complete and detailed CDC coverage. Please consider using XPM_CDC to avoid Critical severities
Related violations: <none>

TIMING-18#1 Warning
Missing input or output delay  
An input delay is missing on btn_tri_i[0] relative to the rising and/or falling clock edge(s) of sys_clk_pin, sys_clock.
Related violations: <none>

TIMING-18#2 Warning
Missing input or output delay  
An input delay is missing on btn_tri_i[1] relative to the rising and/or falling clock edge(s) of sys_clk_pin, sys_clock.
Related violations: <none>

TIMING-18#3 Warning
Missing input or output delay  
An input delay is missing on btn_tri_i[2] relative to the rising and/or falling clock edge(s) of sys_clk_pin, sys_clock.
Related violations: <none>

TIMING-18#4 Warning
Missing input or output delay  
An input delay is missing on btn_tri_i[3] relative to the rising and/or falling clock edge(s) of sys_clk_pin, sys_clock.
Related violations: <none>

TIMING-18#5 Warning
Missing input or output delay  
An input delay is missing on reset relative to the rising and/or falling clock edge(s) of sys_clk_pin, sys_clock.
Related violations: <none>

TIMING-18#6 Warning
Missing input or output delay  
An input delay is missing on sw_tri_i[0] relative to the rising and/or falling clock edge(s) of sys_clk_pin, sys_clock.
Related violations: <none>

TIMING-18#7 Warning
Missing input or output delay  
An input delay is missing on sw_tri_i[10] relative to the rising and/or falling clock edge(s) of sys_clk_pin, sys_clock.
Related violations: <none>

TIMING-18#8 Warning
Missing input or output delay  
An input delay is missing on sw_tri_i[11] relative to the rising and/or falling clock edge(s) of sys_clk_pin, sys_clock.
Related violations: <none>

TIMING-18#9 Warning
Missing input or output delay  
An input delay is missing on sw_tri_i[12] relative to the rising and/or falling clock edge(s) of sys_clk_pin, sys_clock.
Related violations: <none>

TIMING-18#10 Warning
Missing input or output delay  
An input delay is missing on sw_tri_i[13] relative to the rising and/or falling clock edge(s) of sys_clk_pin, sys_clock.
Related violations: <none>

TIMING-18#11 Warning
Missing input or output delay  
An input delay is missing on sw_tri_i[14] relative to the rising and/or falling clock edge(s) of sys_clk_pin, sys_clock.
Related violations: <none>

TIMING-18#12 Warning
Missing input or output delay  
An input delay is missing on sw_tri_i[15] relative to the rising and/or falling clock edge(s) of sys_clk_pin, sys_clock.
Related violations: <none>

TIMING-18#13 Warning
Missing input or output delay  
An input delay is missing on sw_tri_i[1] relative to the rising and/or falling clock edge(s) of sys_clk_pin, sys_clock.
Related violations: <none>

TIMING-18#14 Warning
Missing input or output delay  
An input delay is missing on sw_tri_i[2] relative to the rising and/or falling clock edge(s) of sys_clk_pin, sys_clock.
Related violations: <none>

TIMING-18#15 Warning
Missing input or output delay  
An input delay is missing on sw_tri_i[3] relative to the rising and/or falling clock edge(s) of sys_clk_pin, sys_clock.
Related violations: <none>

TIMING-18#16 Warning
Missing input or output delay  
An input delay is missing on sw_tri_i[4] relative to the rising and/or falling clock edge(s) of sys_clk_pin, sys_clock.
Related violations: <none>

TIMING-18#17 Warning
Missing input or output delay  
An input delay is missing on sw_tri_i[5] relative to the rising and/or falling clock edge(s) of sys_clk_pin, sys_clock.
Related violations: <none>

TIMING-18#18 Warning
Missing input or output delay  
An input delay is missing on sw_tri_i[6] relative to the rising and/or falling clock edge(s) of sys_clk_pin, sys_clock.
Related violations: <none>

TIMING-18#19 Warning
Missing input or output delay  
An input delay is missing on sw_tri_i[7] relative to the rising and/or falling clock edge(s) of sys_clk_pin, sys_clock.
Related violations: <none>

TIMING-18#20 Warning
Missing input or output delay  
An input delay is missing on sw_tri_i[8] relative to the rising and/or falling clock edge(s) of sys_clk_pin, sys_clock.
Related violations: <none>

TIMING-18#21 Warning
Missing input or output delay  
An input delay is missing on sw_tri_i[9] relative to the rising and/or falling clock edge(s) of sys_clk_pin, sys_clock.
Related violations: <none>

TIMING-18#22 Warning
Missing input or output delay  
An input delay is missing on usb_uart_rxd relative to the rising and/or falling clock edge(s) of sys_clk_pin, sys_clock.
Related violations: <none>

TIMING-18#23 Warning
Missing input or output delay  
An output delay is missing on an_tri_o[0] relative to the rising and/or falling clock edge(s) of sys_clk_pin, sys_clock.
Related violations: <none>

TIMING-18#24 Warning
Missing input or output delay  
An output delay is missing on an_tri_o[1] relative to the rising and/or falling clock edge(s) of sys_clk_pin, sys_clock.
Related violations: <none>

TIMING-18#25 Warning
Missing input or output delay  
An output delay is missing on an_tri_o[2] relative to the rising and/or falling clock edge(s) of sys_clk_pin, sys_clock.
Related violations: <none>

TIMING-18#26 Warning
Missing input or output delay  
An output delay is missing on an_tri_o[3] relative to the rising and/or falling clock edge(s) of sys_clk_pin, sys_clock.
Related violations: <none>

TIMING-18#27 Warning
Missing input or output delay  
An output delay is missing on led_tri_o[0] relative to the rising and/or falling clock edge(s) of sys_clk_pin, sys_clock.
Related violations: <none>

TIMING-18#28 Warning
Missing input or output delay  
An output delay is missing on led_tri_o[10] relative to the rising and/or falling clock edge(s) of sys_clk_pin, sys_clock.
Related violations: <none>

TIMING-18#29 Warning
Missing input or output delay  
An output delay is missing on led_tri_o[11] relative to the rising and/or falling clock edge(s) of sys_clk_pin, sys_clock.
Related violations: <none>

TIMING-18#30 Warning
Missing input or output delay  
An output delay is missing on led_tri_o[12] relative to the rising and/or falling clock edge(s) of sys_clk_pin, sys_clock.
Related violations: <none>

TIMING-18#31 Warning
Missing input or output delay  
An output delay is missing on led_tri_o[13] relative to the rising and/or falling clock edge(s) of sys_clk_pin, sys_clock.
Related violations: <none>

TIMING-18#32 Warning
Missing input or output delay  
An output delay is missing on led_tri_o[14] relative to the rising and/or falling clock edge(s) of sys_clk_pin, sys_clock.
Related violations: <none>

TIMING-18#33 Warning
Missing input or output delay  
An output delay is missing on led_tri_o[15] relative to the rising and/or falling clock edge(s) of sys_clk_pin, sys_clock.
Related violations: <none>

TIMING-18#34 Warning
Missing input or output delay  
An output delay is missing on led_tri_o[1] relative to the rising and/or falling clock edge(s) of sys_clk_pin, sys_clock.
Related violations: <none>

TIMING-18#35 Warning
Missing input or output delay  
An output delay is missing on led_tri_o[2] relative to the rising and/or falling clock edge(s) of sys_clk_pin, sys_clock.
Related violations: <none>

TIMING-18#36 Warning
Missing input or output delay  
An output delay is missing on led_tri_o[3] relative to the rising and/or falling clock edge(s) of sys_clk_pin, sys_clock.
Related violations: <none>

TIMING-18#37 Warning
Missing input or output delay  
An output delay is missing on led_tri_o[4] relative to the rising and/or falling clock edge(s) of sys_clk_pin, sys_clock.
Related violations: <none>

TIMING-18#38 Warning
Missing input or output delay  
An output delay is missing on led_tri_o[5] relative to the rising and/or falling clock edge(s) of sys_clk_pin, sys_clock.
Related violations: <none>

TIMING-18#39 Warning
Missing input or output delay  
An output delay is missing on led_tri_o[6] relative to the rising and/or falling clock edge(s) of sys_clk_pin, sys_clock.
Related violations: <none>

TIMING-18#40 Warning
Missing input or output delay  
An output delay is missing on led_tri_o[7] relative to the rising and/or falling clock edge(s) of sys_clk_pin, sys_clock.
Related violations: <none>

TIMING-18#41 Warning
Missing input or output delay  
An output delay is missing on led_tri_o[8] relative to the rising and/or falling clock edge(s) of sys_clk_pin, sys_clock.
Related violations: <none>

TIMING-18#42 Warning
Missing input or output delay  
An output delay is missing on led_tri_o[9] relative to the rising and/or falling clock edge(s) of sys_clk_pin, sys_clock.
Related violations: <none>

TIMING-18#43 Warning
Missing input or output delay  
An output delay is missing on pwm0 relative to the rising and/or falling clock edge(s) of sys_clk_pin, sys_clock.
Related violations: <none>

TIMING-18#44 Warning
Missing input or output delay  
An output delay is missing on pwm1 relative to the rising and/or falling clock edge(s) of sys_clk_pin, sys_clock.
Related violations: <none>

TIMING-18#45 Warning
Missing input or output delay  
An output delay is missing on pwm2 relative to the rising and/or falling clock edge(s) of sys_clk_pin, sys_clock.
Related violations: <none>

TIMING-18#46 Warning
Missing input or output delay  
An output delay is missing on pwm3 relative to the rising and/or falling clock edge(s) of sys_clk_pin, sys_clock.
Related violations: <none>

TIMING-18#47 Warning
Missing input or output delay  
An output delay is missing on seg_tri_o[0] relative to the rising and/or falling clock edge(s) of sys_clk_pin, sys_clock.
Related violations: <none>

TIMING-18#48 Warning
Missing input or output delay  
An output delay is missing on seg_tri_o[1] relative to the rising and/or falling clock edge(s) of sys_clk_pin, sys_clock.
Related violations: <none>

TIMING-18#49 Warning
Missing input or output delay  
An output delay is missing on seg_tri_o[2] relative to the rising and/or falling clock edge(s) of sys_clk_pin, sys_clock.
Related violations: <none>

TIMING-18#50 Warning
Missing input or output delay  
An output delay is missing on seg_tri_o[3] relative to the rising and/or falling clock edge(s) of sys_clk_pin, sys_clock.
Related violations: <none>

TIMING-18#51 Warning
Missing input or output delay  
An output delay is missing on seg_tri_o[4] relative to the rising and/or falling clock edge(s) of sys_clk_pin, sys_clock.
Related violations: <none>

TIMING-18#52 Warning
Missing input or output delay  
An output delay is missing on seg_tri_o[5] relative to the rising and/or falling clock edge(s) of sys_clk_pin, sys_clock.
Related violations: <none>

TIMING-18#53 Warning
Missing input or output delay  
An output delay is missing on seg_tri_o[6] relative to the rising and/or falling clock edge(s) of sys_clk_pin, sys_clock.
Related violations: <none>

TIMING-18#54 Warning
Missing input or output delay  
An output delay is missing on seg_tri_o[7] relative to the rising and/or falling clock edge(s) of sys_clk_pin, sys_clock.
Related violations: <none>

TIMING-18#55 Warning
Missing input or output delay  
An output delay is missing on usb_uart_txd relative to the rising and/or falling clock edge(s) of sys_clk_pin, sys_clock.
Related violations: <none>

TIMING-56#1 Warning
Missing logically or physically excluded clock groups constraint  
Multiple clocks are user generated or auto-derived on the source pin robot_arm_i/clk_wiz/inst/mmcm_adv_inst/CLKFBOUT but are not logically or physically exclusive with respect to one another. To have the static timing analysis match the behavior in hardware, there cannot be multiple clocks generated on the same pin and when such situation occurs, the clocks should be defined as physically or logically exclusive. The list of clocks generated on the source pin is: clkfbout_robot_arm_clk_wiz_0, clkfbout_robot_arm_clk_wiz_0_1
Related violations: <none>

TIMING-56#2 Warning
Missing logically or physically excluded clock groups constraint  
Multiple clocks are user generated or auto-derived on the source pin robot_arm_i/clk_wiz/inst/mmcm_adv_inst/CLKOUT0 but are not logically or physically exclusive with respect to one another. To have the static timing analysis match the behavior in hardware, there cannot be multiple clocks generated on the same pin and when such situation occurs, the clocks should be defined as physically or logically exclusive. The list of clocks generated on the source pin is: clk_out1_robot_arm_clk_wiz_0, clk_out1_robot_arm_clk_wiz_0_1
Related violations: <none>


