
*** Running vivado
    with args -log robot_arm_wrapper.vdi -applog -m64 -product Vivado -messageDb vivado.pb -mode batch -source robot_arm_wrapper.tcl -notrace


****** Vivado v2024.2 (64-bit)
  **** SW Build 5239630 on Fri Nov 08 22:34:34 MST 2024
  **** IP Build 5239520 on Sun Nov 10 16:12:51 MST 2024
  **** SharedData Build 5239561 on Fri Nov 08 14:39:27 MST 2024
  **** Start of session at: Fri Apr 17 14:16:05 2026
    ** Copyright 1986-2022 Xilinx, Inc. All Rights Reserved.
    ** Copyright 2022-2024 Advanced Micro Devices, Inc. All Rights Reserved.

source robot_arm_wrapper.tcl -notrace
INFO: [IP_Flow 19-234] Refreshing IP repositories
INFO: [IP_Flow 19-1704] No user IP repositories specified
INFO: [IP_Flow 19-2313] Loaded Vivado IP repository '/opt/Xilinx/Vivado/2024.2/data/ip'.
Command: link_design -top robot_arm_wrapper -part xc7a35tcpg236-1
Design is defaulting to srcset: sources_1
Design is defaulting to constrset: constrs_1
INFO: [Device 21-403] Loading part xc7a35tcpg236-1
Netlist sorting complete. Time (s): cpu = 00:00:00.21 ; elapsed = 00:00:00.21 . Memory (MB): peak = 1531.914 ; gain = 0.000 ; free physical = 5820 ; free virtual = 36324
INFO: [Netlist 29-17] Analyzing 214 Unisim elements for replacement
INFO: [Netlist 29-28] Unisim Transformation completed in 0 CPU seconds
INFO: [Project 1-479] Netlist was created with Vivado 2024.2
INFO: [Project 1-570] Preparing netlist for logic optimization
Parsing XDC File [/home/user1/workspace_ondevice_2/SoC/robot_arm/robot_arm.gen/sources_1/bd/robot_arm/ip/robot_arm_axi_gpio_2_0/robot_arm_axi_gpio_2_0_board.xdc] for cell 'robot_arm_i/axi_gpio_2/U0'
Finished Parsing XDC File [/home/user1/workspace_ondevice_2/SoC/robot_arm/robot_arm.gen/sources_1/bd/robot_arm/ip/robot_arm_axi_gpio_2_0/robot_arm_axi_gpio_2_0_board.xdc] for cell 'robot_arm_i/axi_gpio_2/U0'
Parsing XDC File [/home/user1/workspace_ondevice_2/SoC/robot_arm/robot_arm.gen/sources_1/bd/robot_arm/ip/robot_arm_axi_gpio_5_3/robot_arm_axi_gpio_5_3.xdc] for cell 'robot_arm_i/axi_gpio_servo3/U0'
Finished Parsing XDC File [/home/user1/workspace_ondevice_2/SoC/robot_arm/robot_arm.gen/sources_1/bd/robot_arm/ip/robot_arm_axi_gpio_5_3/robot_arm_axi_gpio_5_3.xdc] for cell 'robot_arm_i/axi_gpio_servo3/U0'
Parsing XDC File [/home/user1/workspace_ondevice_2/SoC/robot_arm/robot_arm.gen/sources_1/bd/robot_arm/ip/robot_arm_axi_gpio_5_3/robot_arm_axi_gpio_5_3_board.xdc] for cell 'robot_arm_i/axi_gpio_servo3/U0'
Finished Parsing XDC File [/home/user1/workspace_ondevice_2/SoC/robot_arm/robot_arm.gen/sources_1/bd/robot_arm/ip/robot_arm_axi_gpio_5_3/robot_arm_axi_gpio_5_3_board.xdc] for cell 'robot_arm_i/axi_gpio_servo3/U0'
Parsing XDC File [/home/user1/workspace_ondevice_2/SoC/robot_arm/robot_arm.gen/sources_1/bd/robot_arm/ip/robot_arm_axi_gpio_5_2/robot_arm_axi_gpio_5_2.xdc] for cell 'robot_arm_i/axi_gpio_servo2/U0'
Finished Parsing XDC File [/home/user1/workspace_ondevice_2/SoC/robot_arm/robot_arm.gen/sources_1/bd/robot_arm/ip/robot_arm_axi_gpio_5_2/robot_arm_axi_gpio_5_2.xdc] for cell 'robot_arm_i/axi_gpio_servo2/U0'
Parsing XDC File [/home/user1/workspace_ondevice_2/SoC/robot_arm/robot_arm.gen/sources_1/bd/robot_arm/ip/robot_arm_axi_gpio_5_2/robot_arm_axi_gpio_5_2_board.xdc] for cell 'robot_arm_i/axi_gpio_servo2/U0'
Finished Parsing XDC File [/home/user1/workspace_ondevice_2/SoC/robot_arm/robot_arm.gen/sources_1/bd/robot_arm/ip/robot_arm_axi_gpio_5_2/robot_arm_axi_gpio_5_2_board.xdc] for cell 'robot_arm_i/axi_gpio_servo2/U0'
Parsing XDC File [/home/user1/workspace_ondevice_2/SoC/robot_arm/robot_arm.gen/sources_1/bd/robot_arm/ip/robot_arm_axi_gpio_5_1/robot_arm_axi_gpio_5_1.xdc] for cell 'robot_arm_i/axi_gpio_servo1/U0'
Finished Parsing XDC File [/home/user1/workspace_ondevice_2/SoC/robot_arm/robot_arm.gen/sources_1/bd/robot_arm/ip/robot_arm_axi_gpio_5_1/robot_arm_axi_gpio_5_1.xdc] for cell 'robot_arm_i/axi_gpio_servo1/U0'
Parsing XDC File [/home/user1/workspace_ondevice_2/SoC/robot_arm/robot_arm.gen/sources_1/bd/robot_arm/ip/robot_arm_axi_gpio_5_1/robot_arm_axi_gpio_5_1_board.xdc] for cell 'robot_arm_i/axi_gpio_servo1/U0'
Finished Parsing XDC File [/home/user1/workspace_ondevice_2/SoC/robot_arm/robot_arm.gen/sources_1/bd/robot_arm/ip/robot_arm_axi_gpio_5_1/robot_arm_axi_gpio_5_1_board.xdc] for cell 'robot_arm_i/axi_gpio_servo1/U0'
Parsing XDC File [/home/user1/workspace_ondevice_2/SoC/robot_arm/robot_arm.gen/sources_1/bd/robot_arm/ip/robot_arm_axi_gpio_5_0/robot_arm_axi_gpio_5_0.xdc] for cell 'robot_arm_i/axi_gpio_servo0/U0'
Finished Parsing XDC File [/home/user1/workspace_ondevice_2/SoC/robot_arm/robot_arm.gen/sources_1/bd/robot_arm/ip/robot_arm_axi_gpio_5_0/robot_arm_axi_gpio_5_0.xdc] for cell 'robot_arm_i/axi_gpio_servo0/U0'
Parsing XDC File [/home/user1/workspace_ondevice_2/SoC/robot_arm/robot_arm.gen/sources_1/bd/robot_arm/ip/robot_arm_axi_gpio_5_0/robot_arm_axi_gpio_5_0_board.xdc] for cell 'robot_arm_i/axi_gpio_servo0/U0'
Finished Parsing XDC File [/home/user1/workspace_ondevice_2/SoC/robot_arm/robot_arm.gen/sources_1/bd/robot_arm/ip/robot_arm_axi_gpio_5_0/robot_arm_axi_gpio_5_0_board.xdc] for cell 'robot_arm_i/axi_gpio_servo0/U0'
Parsing XDC File [/home/user1/workspace_ondevice_2/SoC/robot_arm/robot_arm.gen/sources_1/bd/robot_arm/ip/robot_arm_axi_gpio_4_0/robot_arm_axi_gpio_4_0.xdc] for cell 'robot_arm_i/axi_gpio_4/U0'
Finished Parsing XDC File [/home/user1/workspace_ondevice_2/SoC/robot_arm/robot_arm.gen/sources_1/bd/robot_arm/ip/robot_arm_axi_gpio_4_0/robot_arm_axi_gpio_4_0.xdc] for cell 'robot_arm_i/axi_gpio_4/U0'
Parsing XDC File [/home/user1/workspace_ondevice_2/SoC/robot_arm/robot_arm.gen/sources_1/bd/robot_arm/ip/robot_arm_axi_gpio_4_0/robot_arm_axi_gpio_4_0_board.xdc] for cell 'robot_arm_i/axi_gpio_4/U0'
Finished Parsing XDC File [/home/user1/workspace_ondevice_2/SoC/robot_arm/robot_arm.gen/sources_1/bd/robot_arm/ip/robot_arm_axi_gpio_4_0/robot_arm_axi_gpio_4_0_board.xdc] for cell 'robot_arm_i/axi_gpio_4/U0'
Parsing XDC File [/home/user1/workspace_ondevice_2/SoC/robot_arm/robot_arm.gen/sources_1/bd/robot_arm/ip/robot_arm_axi_gpio_3_0/robot_arm_axi_gpio_3_0.xdc] for cell 'robot_arm_i/axi_gpio_3/U0'
Finished Parsing XDC File [/home/user1/workspace_ondevice_2/SoC/robot_arm/robot_arm.gen/sources_1/bd/robot_arm/ip/robot_arm_axi_gpio_3_0/robot_arm_axi_gpio_3_0.xdc] for cell 'robot_arm_i/axi_gpio_3/U0'
Parsing XDC File [/home/user1/workspace_ondevice_2/SoC/robot_arm/robot_arm.gen/sources_1/bd/robot_arm/ip/robot_arm_axi_gpio_3_0/robot_arm_axi_gpio_3_0_board.xdc] for cell 'robot_arm_i/axi_gpio_3/U0'
Finished Parsing XDC File [/home/user1/workspace_ondevice_2/SoC/robot_arm/robot_arm.gen/sources_1/bd/robot_arm/ip/robot_arm_axi_gpio_3_0/robot_arm_axi_gpio_3_0_board.xdc] for cell 'robot_arm_i/axi_gpio_3/U0'
Parsing XDC File [/home/user1/workspace_ondevice_2/SoC/robot_arm/robot_arm.gen/sources_1/bd/robot_arm/ip/robot_arm_axi_gpio_2_0/robot_arm_axi_gpio_2_0.xdc] for cell 'robot_arm_i/axi_gpio_2/U0'
Finished Parsing XDC File [/home/user1/workspace_ondevice_2/SoC/robot_arm/robot_arm.gen/sources_1/bd/robot_arm/ip/robot_arm_axi_gpio_2_0/robot_arm_axi_gpio_2_0.xdc] for cell 'robot_arm_i/axi_gpio_2/U0'
Parsing XDC File [/home/user1/workspace_ondevice_2/SoC/robot_arm/robot_arm.gen/sources_1/bd/robot_arm/ip/robot_arm_proc_sys_reset_0_0/robot_arm_proc_sys_reset_0_0_board.xdc] for cell 'robot_arm_i/proc_sys_reset_0/U0'
Finished Parsing XDC File [/home/user1/workspace_ondevice_2/SoC/robot_arm/robot_arm.gen/sources_1/bd/robot_arm/ip/robot_arm_proc_sys_reset_0_0/robot_arm_proc_sys_reset_0_0_board.xdc] for cell 'robot_arm_i/proc_sys_reset_0/U0'
Parsing XDC File [/home/user1/workspace_ondevice_2/SoC/robot_arm/robot_arm.gen/sources_1/bd/robot_arm/ip/robot_arm_axi_gpio_1_0/robot_arm_axi_gpio_1_0.xdc] for cell 'robot_arm_i/axi_gpio_1/U0'
Finished Parsing XDC File [/home/user1/workspace_ondevice_2/SoC/robot_arm/robot_arm.gen/sources_1/bd/robot_arm/ip/robot_arm_axi_gpio_1_0/robot_arm_axi_gpio_1_0.xdc] for cell 'robot_arm_i/axi_gpio_1/U0'
Parsing XDC File [/home/user1/workspace_ondevice_2/SoC/robot_arm/robot_arm.gen/sources_1/bd/robot_arm/ip/robot_arm_axi_gpio_1_0/robot_arm_axi_gpio_1_0_board.xdc] for cell 'robot_arm_i/axi_gpio_1/U0'
Finished Parsing XDC File [/home/user1/workspace_ondevice_2/SoC/robot_arm/robot_arm.gen/sources_1/bd/robot_arm/ip/robot_arm_axi_gpio_1_0/robot_arm_axi_gpio_1_0_board.xdc] for cell 'robot_arm_i/axi_gpio_1/U0'
Parsing XDC File [/home/user1/workspace_ondevice_2/SoC/robot_arm/robot_arm.gen/sources_1/bd/robot_arm/ip/robot_arm_axi_gpio_0_0/robot_arm_axi_gpio_0_0.xdc] for cell 'robot_arm_i/axi_gpio_0/U0'
Finished Parsing XDC File [/home/user1/workspace_ondevice_2/SoC/robot_arm/robot_arm.gen/sources_1/bd/robot_arm/ip/robot_arm_axi_gpio_0_0/robot_arm_axi_gpio_0_0.xdc] for cell 'robot_arm_i/axi_gpio_0/U0'
Parsing XDC File [/home/user1/workspace_ondevice_2/SoC/robot_arm/robot_arm.gen/sources_1/bd/robot_arm/ip/robot_arm_axi_gpio_0_0/robot_arm_axi_gpio_0_0_board.xdc] for cell 'robot_arm_i/axi_gpio_0/U0'
Finished Parsing XDC File [/home/user1/workspace_ondevice_2/SoC/robot_arm/robot_arm.gen/sources_1/bd/robot_arm/ip/robot_arm_axi_gpio_0_0/robot_arm_axi_gpio_0_0_board.xdc] for cell 'robot_arm_i/axi_gpio_0/U0'
Parsing XDC File [/home/user1/workspace_ondevice_2/SoC/robot_arm/robot_arm.gen/sources_1/bd/robot_arm/ip/robot_arm_axi_smc_0/smartconnect.xdc] for cell 'robot_arm_i/axi_smc/inst'
Finished Parsing XDC File [/home/user1/workspace_ondevice_2/SoC/robot_arm/robot_arm.gen/sources_1/bd/robot_arm/ip/robot_arm_axi_smc_0/smartconnect.xdc] for cell 'robot_arm_i/axi_smc/inst'
Parsing XDC File [/home/user1/workspace_ondevice_2/SoC/robot_arm/robot_arm.gen/sources_1/bd/robot_arm/ip/robot_arm_axi_smc_0/bd_0/ip/ip_1/bd_c18a_psr_aclk_0.xdc] for cell 'robot_arm_i/axi_smc/inst/clk_map/psr_aclk/U0'
Finished Parsing XDC File [/home/user1/workspace_ondevice_2/SoC/robot_arm/robot_arm.gen/sources_1/bd/robot_arm/ip/robot_arm_axi_smc_0/bd_0/ip/ip_1/bd_c18a_psr_aclk_0.xdc] for cell 'robot_arm_i/axi_smc/inst/clk_map/psr_aclk/U0'
Parsing XDC File [/home/user1/workspace_ondevice_2/SoC/robot_arm/robot_arm.gen/sources_1/bd/robot_arm/ip/robot_arm_axi_smc_0/bd_0/ip/ip_1/bd_c18a_psr_aclk_0_board.xdc] for cell 'robot_arm_i/axi_smc/inst/clk_map/psr_aclk/U0'
Finished Parsing XDC File [/home/user1/workspace_ondevice_2/SoC/robot_arm/robot_arm.gen/sources_1/bd/robot_arm/ip/robot_arm_axi_smc_0/bd_0/ip/ip_1/bd_c18a_psr_aclk_0_board.xdc] for cell 'robot_arm_i/axi_smc/inst/clk_map/psr_aclk/U0'
Parsing XDC File [/home/user1/workspace_ondevice_2/SoC/robot_arm/robot_arm.gen/sources_1/bd/robot_arm/ip/robot_arm_microblaze_riscv_0_0/robot_arm_microblaze_riscv_0_0.xdc] for cell 'robot_arm_i/microblaze_riscv_0/U0'
Finished Parsing XDC File [/home/user1/workspace_ondevice_2/SoC/robot_arm/robot_arm.gen/sources_1/bd/robot_arm/ip/robot_arm_microblaze_riscv_0_0/robot_arm_microblaze_riscv_0_0.xdc] for cell 'robot_arm_i/microblaze_riscv_0/U0'
Parsing XDC File [/home/user1/workspace_ondevice_2/SoC/robot_arm/robot_arm.gen/sources_1/bd/robot_arm/ip/robot_arm_axi_uartlite_0_0/robot_arm_axi_uartlite_0_0.xdc] for cell 'robot_arm_i/axi_uartlite_0/U0'
Finished Parsing XDC File [/home/user1/workspace_ondevice_2/SoC/robot_arm/robot_arm.gen/sources_1/bd/robot_arm/ip/robot_arm_axi_uartlite_0_0/robot_arm_axi_uartlite_0_0.xdc] for cell 'robot_arm_i/axi_uartlite_0/U0'
Parsing XDC File [/home/user1/workspace_ondevice_2/SoC/robot_arm/robot_arm.gen/sources_1/bd/robot_arm/ip/robot_arm_axi_uartlite_0_0/robot_arm_axi_uartlite_0_0_board.xdc] for cell 'robot_arm_i/axi_uartlite_0/U0'
Finished Parsing XDC File [/home/user1/workspace_ondevice_2/SoC/robot_arm/robot_arm.gen/sources_1/bd/robot_arm/ip/robot_arm_axi_uartlite_0_0/robot_arm_axi_uartlite_0_0_board.xdc] for cell 'robot_arm_i/axi_uartlite_0/U0'
Parsing XDC File [/home/user1/workspace_ondevice_2/SoC/robot_arm/robot_arm.gen/sources_1/bd/robot_arm/ip/robot_arm_clk_wiz_0/robot_arm_clk_wiz_0.xdc] for cell 'robot_arm_i/clk_wiz/inst'
INFO: [Timing 38-35] Done setting XDC timing constraints. [/home/user1/workspace_ondevice_2/SoC/robot_arm/robot_arm.gen/sources_1/bd/robot_arm/ip/robot_arm_clk_wiz_0/robot_arm_clk_wiz_0.xdc:54]
INFO: [Timing 38-2] Deriving generated clocks [/home/user1/workspace_ondevice_2/SoC/robot_arm/robot_arm.gen/sources_1/bd/robot_arm/ip/robot_arm_clk_wiz_0/robot_arm_clk_wiz_0.xdc:54]
get_clocks: Time (s): cpu = 00:00:06 ; elapsed = 00:00:06 . Memory (MB): peak = 2294.145 ; gain = 492.766 ; free physical = 5145 ; free virtual = 35682
Finished Parsing XDC File [/home/user1/workspace_ondevice_2/SoC/robot_arm/robot_arm.gen/sources_1/bd/robot_arm/ip/robot_arm_clk_wiz_0/robot_arm_clk_wiz_0.xdc] for cell 'robot_arm_i/clk_wiz/inst'
Parsing XDC File [/home/user1/workspace_ondevice_2/SoC/robot_arm/robot_arm.gen/sources_1/bd/robot_arm/ip/robot_arm_clk_wiz_0/robot_arm_clk_wiz_0_board.xdc] for cell 'robot_arm_i/clk_wiz/inst'
Finished Parsing XDC File [/home/user1/workspace_ondevice_2/SoC/robot_arm/robot_arm.gen/sources_1/bd/robot_arm/ip/robot_arm_clk_wiz_0/robot_arm_clk_wiz_0_board.xdc] for cell 'robot_arm_i/clk_wiz/inst'
Parsing XDC File [/home/user1/workspace_ondevice_2/SoC/robot_arm/robot_arm.gen/sources_1/bd/robot_arm/ip/robot_arm_proc_sys_reset_0_0/robot_arm_proc_sys_reset_0_0.xdc] for cell 'robot_arm_i/proc_sys_reset_0/U0'
WARNING: [Vivado_Tcl 4-921] Waiver ID 'CDC-11' -to list should not be empty. [/home/user1/workspace_ondevice_2/SoC/robot_arm/robot_arm.gen/sources_1/bd/robot_arm/ip/robot_arm_proc_sys_reset_0_0/robot_arm_proc_sys_reset_0_0.xdc:50]
Finished Parsing XDC File [/home/user1/workspace_ondevice_2/SoC/robot_arm/robot_arm.gen/sources_1/bd/robot_arm/ip/robot_arm_proc_sys_reset_0_0/robot_arm_proc_sys_reset_0_0.xdc] for cell 'robot_arm_i/proc_sys_reset_0/U0'
Parsing XDC File [/home/user1/workspace_ondevice_2/SoC/robot_arm/robot_arm.srcs/constrs_1/imports/fpga/Basys-3-Master.xdc]
Finished Parsing XDC File [/home/user1/workspace_ondevice_2/SoC/robot_arm/robot_arm.srcs/constrs_1/imports/fpga/Basys-3-Master.xdc]
Parsing XDC File [/home/user1/workspace_ondevice_2/SoC/robot_arm/robot_arm.gen/sources_1/bd/robot_arm/ip/robot_arm_mdm_1_0/robot_arm_mdm_1_0.xdc] for cell 'robot_arm_i/mdm_1/U0'
INFO: [Timing 38-2] Deriving generated clocks [/home/user1/workspace_ondevice_2/SoC/robot_arm/robot_arm.gen/sources_1/bd/robot_arm/ip/robot_arm_mdm_1_0/robot_arm_mdm_1_0.xdc:5]
Finished Parsing XDC File [/home/user1/workspace_ondevice_2/SoC/robot_arm/robot_arm.gen/sources_1/bd/robot_arm/ip/robot_arm_mdm_1_0/robot_arm_mdm_1_0.xdc] for cell 'robot_arm_i/mdm_1/U0'
INFO: [Project 1-1714] 133 XPM XDC files have been applied to the design.
INFO: [Opt 31-138] Pushed 0 inverter(s) to 0 load pin(s).
Generating merged BMM file for the design top 'robot_arm_wrapper'...
INFO: [Memdata 28-144] Successfully populated the BRAM INIT strings from the following elf files: /home/user1/workspace_ondevice_2/SoC/robot_arm/robot_arm.gen/sources_1/bd/robot_arm/ip/robot_arm_microblaze_riscv_0_0/data/riscv_bootloop.elf 
INFO: [Project 1-1687] 1 scoped IP constraints or related sub-commands were skipped due to synthesis logic optimizations usually triggered by constant connectivity or unconnected output pins. To review the skipped constraints and messages, run the command 'set_param netlist.IPMsgFiltering false' before opening the design.
Netlist sorting complete. Time (s): cpu = 00:00:00 ; elapsed = 00:00:00.01 . Memory (MB): peak = 2294.145 ; gain = 0.000 ; free physical = 5138 ; free virtual = 35676
INFO: [Project 1-111] Unisim Transformation Summary:
  A total of 64 instances were transformed.
  LUT6_2 => LUT6_2 (LUT5, LUT6): 48 instances
  RAM32M => RAM32M (RAMD32(x6), RAMS32(x2)): 16 instances

16 Infos, 1 Warnings, 0 Critical Warnings and 0 Errors encountered.
link_design completed successfully
link_design: Time (s): cpu = 00:00:12 ; elapsed = 00:00:12 . Memory (MB): peak = 2294.145 ; gain = 922.301 ; free physical = 5138 ; free virtual = 35676
Command: opt_design
Attempting to get a license for feature 'Implementation' and/or device 'xc7a35t'
INFO: [Common 17-349] Got license for feature 'Implementation' and/or device 'xc7a35t'
Running DRC as a precondition to command opt_design

Starting DRC Task
INFO: [DRC 23-27] Running DRC with 8 threads
INFO: [Project 1-461] DRC finished with 0 Errors
INFO: [Project 1-462] Please refer to the DRC report (report_drc) for more information.

Time (s): cpu = 00:00:03 ; elapsed = 00:00:00.62 . Memory (MB): peak = 2348.676 ; gain = 54.531 ; free physical = 5073 ; free virtual = 35610

Starting Cache Timing Information Task
INFO: [Timing 38-35] Done setting XDC timing constraints.
Ending Cache Timing Information Task | Checksum: 28906d223

Time (s): cpu = 00:00:00.56 ; elapsed = 00:00:00.37 . Memory (MB): peak = 2348.676 ; gain = 0.000 ; free physical = 5071 ; free virtual = 35608

Starting Logic Optimization Task

Phase 1 Initialization

Phase 1.1 Core Generation And Design Setup
Phase 1.1 Core Generation And Design Setup | Checksum: 28906d223

Time (s): cpu = 00:00:00.02 ; elapsed = 00:00:00.02 . Memory (MB): peak = 2662.543 ; gain = 0.000 ; free physical = 4742 ; free virtual = 35280

Phase 1.2 Setup Constraints And Sort Netlist
Phase 1.2 Setup Constraints And Sort Netlist | Checksum: 28906d223

Time (s): cpu = 00:00:00.02 ; elapsed = 00:00:00.03 . Memory (MB): peak = 2662.543 ; gain = 0.000 ; free physical = 4742 ; free virtual = 35280
Phase 1 Initialization | Checksum: 28906d223

Time (s): cpu = 00:00:00.03 ; elapsed = 00:00:00.03 . Memory (MB): peak = 2662.543 ; gain = 0.000 ; free physical = 4742 ; free virtual = 35280

Phase 2 Timer Update And Timing Data Collection

Phase 2.1 Timer Update
Phase 2.1 Timer Update | Checksum: 28906d223

Time (s): cpu = 00:00:00.6 ; elapsed = 00:00:00.14 . Memory (MB): peak = 2662.543 ; gain = 0.000 ; free physical = 4742 ; free virtual = 35279

Phase 2.2 Timing Data Collection
Phase 2.2 Timing Data Collection | Checksum: 28906d223

Time (s): cpu = 00:00:00.62 ; elapsed = 00:00:00.16 . Memory (MB): peak = 2662.543 ; gain = 0.000 ; free physical = 4742 ; free virtual = 35279
Phase 2 Timer Update And Timing Data Collection | Checksum: 28906d223

Time (s): cpu = 00:00:00.62 ; elapsed = 00:00:00.16 . Memory (MB): peak = 2662.543 ; gain = 0.000 ; free physical = 4742 ; free virtual = 35279

Phase 3 Retarget
INFO: [Opt 31-1851] Number of loadless carry chains removed were: 0
INFO: [Opt 31-1834] Total Chains To Be Transformed Were: 0 AND Number of Transformed insts Created are: 0
INFO: [Opt 31-138] Pushed 5 inverter(s) to 9 load pin(s).
INFO: [Opt 31-49] Retargeted 0 cell(s).
Phase 3 Retarget | Checksum: 2299d0479

Time (s): cpu = 00:00:00.84 ; elapsed = 00:00:00.3 . Memory (MB): peak = 2662.543 ; gain = 0.000 ; free physical = 4741 ; free virtual = 35279
Retarget | Checksum: 2299d0479
INFO: [Opt 31-389] Phase Retarget created 9 cells and removed 51 cells
INFO: [Opt 31-1021] In phase Retarget, 263 netlist objects are constrained preventing optimization. Please run opt_design with -debug_log to get more detail. 

Phase 4 Constant propagation
INFO: [Opt 31-138] Pushed 0 inverter(s) to 0 load pin(s).
Phase 4 Constant propagation | Checksum: 1d4b24f11

Time (s): cpu = 00:00:00.89 ; elapsed = 00:00:00.34 . Memory (MB): peak = 2662.543 ; gain = 0.000 ; free physical = 4741 ; free virtual = 35279
Constant propagation | Checksum: 1d4b24f11
INFO: [Opt 31-389] Phase Constant propagation created 2 cells and removed 2 cells
INFO: [Opt 31-1021] In phase Constant propagation, 241 netlist objects are constrained preventing optimization. Please run opt_design with -debug_log to get more detail. 

Phase 5 Sweep
INFO: [Constraints 18-11670] Building netlist checker database with flags, 0x8
Done building netlist checker database: Time (s): cpu = 00:00:00 ; elapsed = 00:00:00.01 . Memory (MB): peak = 2662.543 ; gain = 0.000 ; free physical = 4746 ; free virtual = 35283
INFO: [Constraints 18-11670] Building netlist checker database with flags, 0x8
Done building netlist checker database: Time (s): cpu = 00:00:00 ; elapsed = 00:00:00 . Memory (MB): peak = 2662.543 ; gain = 0.000 ; free physical = 4746 ; free virtual = 35283
Phase 5 Sweep | Checksum: 274cc77f0

Time (s): cpu = 00:00:02 ; elapsed = 00:00:01 . Memory (MB): peak = 2662.543 ; gain = 0.000 ; free physical = 4746 ; free virtual = 35283
Sweep | Checksum: 274cc77f0
INFO: [Opt 31-389] Phase Sweep created 29 cells and removed 323 cells
INFO: [Opt 31-1021] In phase Sweep, 301 netlist objects are constrained preventing optimization. Please run opt_design with -debug_log to get more detail. 

Phase 6 BUFG optimization
Phase 6 BUFG optimization | Checksum: 274cc77f0

Time (s): cpu = 00:00:02 ; elapsed = 00:00:01 . Memory (MB): peak = 2694.559 ; gain = 32.016 ; free physical = 4746 ; free virtual = 35283
BUFG optimization | Checksum: 274cc77f0
INFO: [Opt 31-662] Phase BUFG optimization created 0 cells of which 0 are BUFGs and removed 0 cells.

Phase 7 Shift Register Optimization
INFO: [Opt 31-1064] SRL Remap converted 0 SRLs to 0 registers and converted 0 registers of register chains to 0 SRLs
Phase 7 Shift Register Optimization | Checksum: 274cc77f0

Time (s): cpu = 00:00:02 ; elapsed = 00:00:01 . Memory (MB): peak = 2694.559 ; gain = 32.016 ; free physical = 4746 ; free virtual = 35283
Shift Register Optimization | Checksum: 274cc77f0
INFO: [Opt 31-389] Phase Shift Register Optimization created 0 cells and removed 0 cells

Phase 8 Post Processing Netlist
Phase 8 Post Processing Netlist | Checksum: 26ed8bf47

Time (s): cpu = 00:00:02 ; elapsed = 00:00:01 . Memory (MB): peak = 2694.559 ; gain = 32.016 ; free physical = 4746 ; free virtual = 35283
Post Processing Netlist | Checksum: 26ed8bf47
INFO: [Opt 31-389] Phase Post Processing Netlist created 0 cells and removed 0 cells
INFO: [Opt 31-1021] In phase Post Processing Netlist, 296 netlist objects are constrained preventing optimization. Please run opt_design with -debug_log to get more detail. 

Phase 9 Finalization

Phase 9.1 Finalizing Design Cores and Updating Shapes
Phase 9.1 Finalizing Design Cores and Updating Shapes | Checksum: 2525b020d

Time (s): cpu = 00:00:02 ; elapsed = 00:00:02 . Memory (MB): peak = 2694.559 ; gain = 32.016 ; free physical = 4751 ; free virtual = 35289

Phase 9.2 Verifying Netlist Connectivity

Starting Connectivity Check Task

Time (s): cpu = 00:00:00.01 ; elapsed = 00:00:00.01 . Memory (MB): peak = 2694.559 ; gain = 0.000 ; free physical = 4751 ; free virtual = 35289
Phase 9.2 Verifying Netlist Connectivity | Checksum: 2525b020d

Time (s): cpu = 00:00:02 ; elapsed = 00:00:02 . Memory (MB): peak = 2694.559 ; gain = 32.016 ; free physical = 4751 ; free virtual = 35289
Phase 9 Finalization | Checksum: 2525b020d

Time (s): cpu = 00:00:02 ; elapsed = 00:00:02 . Memory (MB): peak = 2694.559 ; gain = 32.016 ; free physical = 4751 ; free virtual = 35289
Opt_design Change Summary
=========================


-------------------------------------------------------------------------------------------------------------------------
|  Phase                        |  #Cells created  |  #Cells Removed  |  #Constrained objects preventing optimizations  |
-------------------------------------------------------------------------------------------------------------------------
|  Retarget                     |               9  |              51  |                                            263  |
|  Constant propagation         |               2  |               2  |                                            241  |
|  Sweep                        |              29  |             323  |                                            301  |
|  BUFG optimization            |               0  |               0  |                                              0  |
|  Shift Register Optimization  |               0  |               0  |                                              0  |
|  Post Processing Netlist      |               0  |               0  |                                            296  |
-------------------------------------------------------------------------------------------------------------------------


Ending Logic Optimization Task | Checksum: 2525b020d

Time (s): cpu = 00:00:02 ; elapsed = 00:00:02 . Memory (MB): peak = 2694.559 ; gain = 32.016 ; free physical = 4751 ; free virtual = 35289

Starting Power Optimization Task
INFO: [Pwropt 34-132] Skipping clock gating for clocks with a period < 2.00 ns.
INFO: [Timing 38-35] Done setting XDC timing constraints.
Running Vector-less Activity Propagation...
INFO: [Pwropt 34-9] Applying IDT optimizations ...
INFO: [Pwropt 34-10] Applying ODC optimizations ...

Finished Running Vector-less Activity Propagation


Starting PowerOpt Patch Enables Task
INFO: [Pwropt 34-162] WRITE_MODE attribute of 0 BRAM(s) out of a total of 32 has been updated to save power. Run report_power_opt to get a complete listing of the BRAMs updated.
INFO: [Pwropt 34-201] Structural ODC has moved 0 WE to EN ports
Number of BRAM Ports augmented: 32 newly gated: 0 Total Ports: 64
Ending PowerOpt Patch Enables Task | Checksum: 2bc1b1216

Time (s): cpu = 00:00:00.22 ; elapsed = 00:00:00.17 . Memory (MB): peak = 2960.465 ; gain = 0.000 ; free physical = 4586 ; free virtual = 35125
Ending Power Optimization Task | Checksum: 2bc1b1216

Time (s): cpu = 00:00:05 ; elapsed = 00:00:03 . Memory (MB): peak = 2960.465 ; gain = 265.906 ; free physical = 4586 ; free virtual = 35125

Starting Final Cleanup Task

Starting Logic Optimization Task
INFO: [Timing 38-35] Done setting XDC timing constraints.
Ending Logic Optimization Task | Checksum: 2e74b3391

Time (s): cpu = 00:00:01 ; elapsed = 00:00:00.6 . Memory (MB): peak = 2960.465 ; gain = 0.000 ; free physical = 4598 ; free virtual = 35138
Ending Final Cleanup Task | Checksum: 2e74b3391

Time (s): cpu = 00:00:03 ; elapsed = 00:00:03 . Memory (MB): peak = 2960.465 ; gain = 0.000 ; free physical = 4598 ; free virtual = 35138

Starting Netlist Obfuscation Task
Netlist sorting complete. Time (s): cpu = 00:00:00 ; elapsed = 00:00:00.01 . Memory (MB): peak = 2960.465 ; gain = 0.000 ; free physical = 4598 ; free virtual = 35138
Ending Netlist Obfuscation Task | Checksum: 2e74b3391

Time (s): cpu = 00:00:00 ; elapsed = 00:00:00.01 . Memory (MB): peak = 2960.465 ; gain = 0.000 ; free physical = 4598 ; free virtual = 35138
INFO: [Common 17-83] Releasing license: Implementation
47 Infos, 1 Warnings, 0 Critical Warnings and 0 Errors encountered.
opt_design completed successfully
opt_design: Time (s): cpu = 00:00:16 ; elapsed = 00:00:10 . Memory (MB): peak = 2960.465 ; gain = 666.320 ; free physical = 4598 ; free virtual = 35138
INFO: [Vivado 12-24828] Executing command : report_drc -file robot_arm_wrapper_drc_opted.rpt -pb robot_arm_wrapper_drc_opted.pb -rpx robot_arm_wrapper_drc_opted.rpx
Command: report_drc -file robot_arm_wrapper_drc_opted.rpt -pb robot_arm_wrapper_drc_opted.pb -rpx robot_arm_wrapper_drc_opted.rpx
INFO: [IP_Flow 19-1839] IP Catalog is up to date.
INFO: [DRC 23-27] Running DRC with 8 threads
INFO: [Vivado_Tcl 2-168] The results of DRC are in file /home/user1/workspace_ondevice_2/SoC/robot_arm/robot_arm.runs/impl_1/robot_arm_wrapper_drc_opted.rpt.
report_drc completed successfully
INFO: [Timing 38-35] Done setting XDC timing constraints.
INFO: [Timing 38-480] Writing timing data to binary archive.
Wrote PlaceDB: Time (s): cpu = 00:00:00 ; elapsed = 00:00:00 . Memory (MB): peak = 2960.465 ; gain = 0.000 ; free physical = 4600 ; free virtual = 35140
Wrote PulsedLatchDB: Time (s): cpu = 00:00:00 ; elapsed = 00:00:00 . Memory (MB): peak = 2960.465 ; gain = 0.000 ; free physical = 4600 ; free virtual = 35140
Writing XDEF routing.
Write ShapeDB Complete: Time (s): cpu = 00:00:00.03 ; elapsed = 00:00:00 . Memory (MB): peak = 2960.465 ; gain = 0.000 ; free physical = 4600 ; free virtual = 35140
Writing XDEF routing logical nets.
Writing XDEF routing special nets.
Wrote RouteStorage: Time (s): cpu = 00:00:00.07 ; elapsed = 00:00:00.02 . Memory (MB): peak = 2960.465 ; gain = 0.000 ; free physical = 4600 ; free virtual = 35140
Wrote Netlist Cache: Time (s): cpu = 00:00:00 ; elapsed = 00:00:00 . Memory (MB): peak = 2960.465 ; gain = 0.000 ; free physical = 4600 ; free virtual = 35140
Wrote Device Cache: Time (s): cpu = 00:00:00.01 ; elapsed = 00:00:00 . Memory (MB): peak = 2960.465 ; gain = 0.000 ; free physical = 4599 ; free virtual = 35140
Write Physdb Complete: Time (s): cpu = 00:00:00.09 ; elapsed = 00:00:00.02 . Memory (MB): peak = 2960.465 ; gain = 0.000 ; free physical = 4599 ; free virtual = 35140
INFO: [Common 17-1381] The checkpoint '/home/user1/workspace_ondevice_2/SoC/robot_arm/robot_arm.runs/impl_1/robot_arm_wrapper_opt.dcp' has been generated.
Command: place_design
Attempting to get a license for feature 'Implementation' and/or device 'xc7a35t'
INFO: [Common 17-349] Got license for feature 'Implementation' and/or device 'xc7a35t'
INFO: [Common 17-83] Releasing license: Implementation
INFO: [DRC 23-27] Running DRC with 8 threads
INFO: [Vivado_Tcl 4-198] DRC finished with 0 Errors
INFO: [Vivado_Tcl 4-199] Please refer to the DRC report (report_drc) for more information.
Running DRC as a precondition to command place_design
INFO: [DRC 23-27] Running DRC with 8 threads
INFO: [Vivado_Tcl 4-198] DRC finished with 0 Errors
INFO: [Vivado_Tcl 4-199] Please refer to the DRC report (report_drc) for more information.
INFO: [Place 30-611] Multithreading enabled for place_design using a maximum of 8 CPUs

Starting Placer Task

Phase 1 Placer Initialization

Phase 1.1 Placer Initialization Netlist Sorting
Netlist sorting complete. Time (s): cpu = 00:00:00 ; elapsed = 00:00:00 . Memory (MB): peak = 2960.465 ; gain = 0.000 ; free physical = 4574 ; free virtual = 35117
Phase 1.1 Placer Initialization Netlist Sorting | Checksum: 27f555acd

Time (s): cpu = 00:00:00 ; elapsed = 00:00:00 . Memory (MB): peak = 2960.465 ; gain = 0.000 ; free physical = 4574 ; free virtual = 35117
Netlist sorting complete. Time (s): cpu = 00:00:00 ; elapsed = 00:00:00.01 . Memory (MB): peak = 2960.465 ; gain = 0.000 ; free physical = 4574 ; free virtual = 35117

Phase 1.2 IO Placement/ Clock Placement/ Build Placer Device
Phase 1.2 IO Placement/ Clock Placement/ Build Placer Device | Checksum: 2028d2390

Time (s): cpu = 00:00:00.88 ; elapsed = 00:00:00.31 . Memory (MB): peak = 2960.465 ; gain = 0.000 ; free physical = 4574 ; free virtual = 35117

Phase 1.3 Build Placer Netlist Model
Phase 1.3 Build Placer Netlist Model | Checksum: 2174e3a90

Time (s): cpu = 00:00:03 ; elapsed = 00:00:01 . Memory (MB): peak = 2960.465 ; gain = 0.000 ; free physical = 4575 ; free virtual = 35118

Phase 1.4 Constrain Clocks/Macros
Phase 1.4 Constrain Clocks/Macros | Checksum: 2174e3a90

Time (s): cpu = 00:00:03 ; elapsed = 00:00:01 . Memory (MB): peak = 2960.465 ; gain = 0.000 ; free physical = 4575 ; free virtual = 35118
Phase 1 Placer Initialization | Checksum: 2174e3a90

Time (s): cpu = 00:00:04 ; elapsed = 00:00:01 . Memory (MB): peak = 2960.465 ; gain = 0.000 ; free physical = 4575 ; free virtual = 35118

Phase 2 Global Placement

Phase 2.1 Floorplanning
Phase 2.1 Floorplanning | Checksum: 2555c21fa

Time (s): cpu = 00:00:05 ; elapsed = 00:00:02 . Memory (MB): peak = 2960.465 ; gain = 0.000 ; free physical = 4590 ; free virtual = 35133

Phase 2.2 Update Timing before SLR Path Opt
Phase 2.2 Update Timing before SLR Path Opt | Checksum: 236db87d5

Time (s): cpu = 00:00:06 ; elapsed = 00:00:02 . Memory (MB): peak = 2960.465 ; gain = 0.000 ; free physical = 4737 ; free virtual = 35279

Phase 2.3 Post-Processing in Floorplanning
Phase 2.3 Post-Processing in Floorplanning | Checksum: 236db87d5

Time (s): cpu = 00:00:06 ; elapsed = 00:00:02 . Memory (MB): peak = 2960.465 ; gain = 0.000 ; free physical = 4737 ; free virtual = 35279

Phase 2.4 Global Place Phase1
Phase 2.4 Global Place Phase1 | Checksum: 23c06490f

Time (s): cpu = 00:00:15 ; elapsed = 00:00:04 . Memory (MB): peak = 2960.465 ; gain = 0.000 ; free physical = 4720 ; free virtual = 35262

Phase 2.5 Global Place Phase2

Phase 2.5.1 UpdateTiming Before Physical Synthesis
Phase 2.5.1 UpdateTiming Before Physical Synthesis | Checksum: 23adf4efd

Time (s): cpu = 00:00:16 ; elapsed = 00:00:04 . Memory (MB): peak = 2960.465 ; gain = 0.000 ; free physical = 4720 ; free virtual = 35262

Phase 2.5.2 Physical Synthesis In Placer
INFO: [Physopt 32-1035] Found 0 LUTNM shape to break, 306 LUT instances to create LUTNM shape
INFO: [Physopt 32-1044] Break lutnm for timing: one critical 0, two critical 0, total 0, new lutff created 0
INFO: [Physopt 32-1138] End 1 Pass. Optimized 140 nets or LUTs. Breaked 0 LUT, combined 140 existing LUTs and moved 0 existing LUT
INFO: [Physopt 32-65] No nets found for high-fanout optimization.
INFO: [Physopt 32-232] Optimized 0 net. Created 0 new instance.
INFO: [Physopt 32-775] End 1 Pass. Optimized 0 net or cell. Created 0 new cell, deleted 0 existing cell and moved 0 existing cell
INFO: [Physopt 32-670] No setup violation found.  DSP Register Optimization was not performed.
INFO: [Physopt 32-670] No setup violation found.  Shift Register to Pipeline Optimization was not performed.
INFO: [Physopt 32-670] No setup violation found.  Shift Register Optimization was not performed.
INFO: [Physopt 32-670] No setup violation found.  BRAM Register Optimization was not performed.
INFO: [Physopt 32-670] No setup violation found.  URAM Register Optimization was not performed.
INFO: [Physopt 32-949] No candidate nets found for dynamic/static region interface net replication
INFO: [Physopt 32-775] End 1 Pass. Optimized 0 net or cell. Created 0 new cell, deleted 0 existing cell and moved 0 existing cell
Netlist sorting complete. Time (s): cpu = 00:00:00 ; elapsed = 00:00:00 . Memory (MB): peak = 2960.465 ; gain = 0.000 ; free physical = 4720 ; free virtual = 35262

Summary of Physical Synthesis Optimizations
============================================


-----------------------------------------------------------------------------------------------------------------------------------------------------------
|  Optimization                                     |  Added Cells  |  Removed Cells  |  Optimized Cells/Nets  |  Dont Touch  |  Iterations  |  Elapsed   |
-----------------------------------------------------------------------------------------------------------------------------------------------------------
|  LUT Combining                                    |            0  |            140  |                   140  |           0  |           1  |  00:00:00  |
|  Retime                                           |            0  |              0  |                     0  |           0  |           1  |  00:00:00  |
|  Very High Fanout                                 |            0  |              0  |                     0  |           0  |           1  |  00:00:00  |
|  DSP Register                                     |            0  |              0  |                     0  |           0  |           0  |  00:00:00  |
|  Shift Register to Pipeline                       |            0  |              0  |                     0  |           0  |           0  |  00:00:00  |
|  Shift Register                                   |            0  |              0  |                     0  |           0  |           0  |  00:00:00  |
|  BRAM Register                                    |            0  |              0  |                     0  |           0  |           0  |  00:00:00  |
|  URAM Register                                    |            0  |              0  |                     0  |           0  |           0  |  00:00:00  |
|  Dynamic/Static Region Interface Net Replication  |            0  |              0  |                     0  |           0  |           1  |  00:00:00  |
|  Total                                            |            0  |            140  |                   140  |           0  |           4  |  00:00:00  |
-----------------------------------------------------------------------------------------------------------------------------------------------------------


Phase 2.5.2 Physical Synthesis In Placer | Checksum: 16f6fe9c2

Time (s): cpu = 00:00:17 ; elapsed = 00:00:05 . Memory (MB): peak = 2960.465 ; gain = 0.000 ; free physical = 4717 ; free virtual = 35260
Phase 2.5 Global Place Phase2 | Checksum: 1d1c118ba

Time (s): cpu = 00:00:18 ; elapsed = 00:00:05 . Memory (MB): peak = 2960.465 ; gain = 0.000 ; free physical = 4717 ; free virtual = 35260
Phase 2 Global Placement | Checksum: 1d1c118ba

Time (s): cpu = 00:00:18 ; elapsed = 00:00:05 . Memory (MB): peak = 2960.465 ; gain = 0.000 ; free physical = 4717 ; free virtual = 35260

Phase 3 Detail Placement

Phase 3.1 Commit Multi Column Macros
Phase 3.1 Commit Multi Column Macros | Checksum: 242c0bb38

Time (s): cpu = 00:00:19 ; elapsed = 00:00:06 . Memory (MB): peak = 2960.465 ; gain = 0.000 ; free physical = 4715 ; free virtual = 35258

Phase 3.2 Commit Most Macros & LUTRAMs
Phase 3.2 Commit Most Macros & LUTRAMs | Checksum: 1eb74a2af

Time (s): cpu = 00:00:21 ; elapsed = 00:00:06 . Memory (MB): peak = 2960.465 ; gain = 0.000 ; free physical = 4713 ; free virtual = 35256

Phase 3.3 Area Swap Optimization
Phase 3.3 Area Swap Optimization | Checksum: 146aa102a

Time (s): cpu = 00:00:21 ; elapsed = 00:00:06 . Memory (MB): peak = 2960.465 ; gain = 0.000 ; free physical = 4713 ; free virtual = 35256

Phase 3.4 Pipeline Register Optimization
Phase 3.4 Pipeline Register Optimization | Checksum: 20a8ab3bf

Time (s): cpu = 00:00:21 ; elapsed = 00:00:06 . Memory (MB): peak = 2960.465 ; gain = 0.000 ; free physical = 4713 ; free virtual = 35256

Phase 3.5 Small Shape Detail Placement
Phase 3.5 Small Shape Detail Placement | Checksum: 276defc48

Time (s): cpu = 00:00:23 ; elapsed = 00:00:08 . Memory (MB): peak = 2960.465 ; gain = 0.000 ; free physical = 4707 ; free virtual = 35250

Phase 3.6 Re-assign LUT pins
Phase 3.6 Re-assign LUT pins | Checksum: 2620460f1

Time (s): cpu = 00:00:23 ; elapsed = 00:00:08 . Memory (MB): peak = 2960.465 ; gain = 0.000 ; free physical = 4698 ; free virtual = 35240

Phase 3.7 Pipeline Register Optimization
Phase 3.7 Pipeline Register Optimization | Checksum: 2b4aa7a8d

Time (s): cpu = 00:00:23 ; elapsed = 00:00:08 . Memory (MB): peak = 2960.465 ; gain = 0.000 ; free physical = 4698 ; free virtual = 35240
Phase 3 Detail Placement | Checksum: 2b4aa7a8d

Time (s): cpu = 00:00:23 ; elapsed = 00:00:08 . Memory (MB): peak = 2960.465 ; gain = 0.000 ; free physical = 4698 ; free virtual = 35240

Phase 4 Post Placement Optimization and Clean-Up

Phase 4.1 Post Commit Optimization
INFO: [Timing 38-35] Done setting XDC timing constraints.

Phase 4.1.1 Post Placement Optimization
Post Placement Optimization Initialization | Checksum: 27160300b

Phase 4.1.1.1 BUFG Insertion

Starting Physical Synthesis Task

Phase 1 Physical Synthesis Initialization
INFO: [Physopt 32-721] Multithreading enabled for phys_opt_design using a maximum of 8 CPUs
INFO: [Physopt 32-619] Estimated Timing Summary | WNS=0.228 | TNS=0.000 |
Phase 1 Physical Synthesis Initialization | Checksum: 154ea06b0

Time (s): cpu = 00:00:00.7 ; elapsed = 00:00:00.16 . Memory (MB): peak = 2960.465 ; gain = 0.000 ; free physical = 4699 ; free virtual = 35242
INFO: [Place 46-56] BUFG insertion identified 0 candidate nets. Inserted BUFG: 0, Replicated BUFG Driver: 0, Skipped due to Placement/Routing Conflicts: 0, Skipped due to Timing Degradation: 0, Skipped due to netlist editing failed: 0.
Ending Physical Synthesis Task | Checksum: 2280101f3

Time (s): cpu = 00:00:00.76 ; elapsed = 00:00:00.19 . Memory (MB): peak = 2960.465 ; gain = 0.000 ; free physical = 4699 ; free virtual = 35242
Phase 4.1.1.1 BUFG Insertion | Checksum: 27160300b

Time (s): cpu = 00:00:27 ; elapsed = 00:00:09 . Memory (MB): peak = 2960.465 ; gain = 0.000 ; free physical = 4699 ; free virtual = 35242

Phase 4.1.1.2 Post Placement Timing Optimization
INFO: [Place 30-746] Post Placement Timing Summary WNS=0.617. For the most accurate timing information please run report_timing.
Phase 4.1.1.2 Post Placement Timing Optimization | Checksum: 1578638c0

Time (s): cpu = 00:00:28 ; elapsed = 00:00:10 . Memory (MB): peak = 2960.465 ; gain = 0.000 ; free physical = 4710 ; free virtual = 35253

Time (s): cpu = 00:00:28 ; elapsed = 00:00:10 . Memory (MB): peak = 2960.465 ; gain = 0.000 ; free physical = 4710 ; free virtual = 35253
Phase 4.1 Post Commit Optimization | Checksum: 1578638c0

Time (s): cpu = 00:00:28 ; elapsed = 00:00:10 . Memory (MB): peak = 2960.465 ; gain = 0.000 ; free physical = 4710 ; free virtual = 35253

Phase 4.2 Post Placement Cleanup
Phase 4.2 Post Placement Cleanup | Checksum: 1578638c0

Time (s): cpu = 00:00:28 ; elapsed = 00:00:10 . Memory (MB): peak = 2960.465 ; gain = 0.000 ; free physical = 4715 ; free virtual = 35258

Phase 4.3 Placer Reporting

Phase 4.3.1 Print Estimated Congestion
INFO: [Place 30-612] Post-Placement Estimated Congestion 
 ____________________________________________________
|           | Global Congestion | Short Congestion  |
| Direction | Region Size       | Region Size       |
|___________|___________________|___________________|
|      North|                1x1|                2x2|
|___________|___________________|___________________|
|      South|                1x1|                4x4|
|___________|___________________|___________________|
|       East|                1x1|                1x1|
|___________|___________________|___________________|
|       West|                1x1|                1x1|
|___________|___________________|___________________|

Phase 4.3.1 Print Estimated Congestion | Checksum: 1578638c0

Time (s): cpu = 00:00:28 ; elapsed = 00:00:10 . Memory (MB): peak = 2960.465 ; gain = 0.000 ; free physical = 4715 ; free virtual = 35258
Phase 4.3 Placer Reporting | Checksum: 1578638c0

Time (s): cpu = 00:00:28 ; elapsed = 00:00:10 . Memory (MB): peak = 2960.465 ; gain = 0.000 ; free physical = 4715 ; free virtual = 35258

Phase 4.4 Final Placement Cleanup
Netlist sorting complete. Time (s): cpu = 00:00:00 ; elapsed = 00:00:00 . Memory (MB): peak = 2960.465 ; gain = 0.000 ; free physical = 4715 ; free virtual = 35258

Time (s): cpu = 00:00:28 ; elapsed = 00:00:10 . Memory (MB): peak = 2960.465 ; gain = 0.000 ; free physical = 4715 ; free virtual = 35258
Phase 4 Post Placement Optimization and Clean-Up | Checksum: 136001093

Time (s): cpu = 00:00:28 ; elapsed = 00:00:10 . Memory (MB): peak = 2960.465 ; gain = 0.000 ; free physical = 4715 ; free virtual = 35257
Ending Placer Task | Checksum: d0c6bddc

Time (s): cpu = 00:00:28 ; elapsed = 00:00:10 . Memory (MB): peak = 2960.465 ; gain = 0.000 ; free physical = 4715 ; free virtual = 35257
82 Infos, 1 Warnings, 0 Critical Warnings and 0 Errors encountered.
place_design completed successfully
place_design: Time (s): cpu = 00:00:32 ; elapsed = 00:00:11 . Memory (MB): peak = 2960.465 ; gain = 0.000 ; free physical = 4715 ; free virtual = 35257
INFO: [Vivado 12-24838] Running report commands "report_control_sets, report_io, report_utilization" in parallel.
Running report generation with 3 threads.
INFO: [Vivado 12-24828] Executing command : report_control_sets -verbose -file robot_arm_wrapper_control_sets_placed.rpt
report_control_sets: Time (s): cpu = 00:00:00.13 ; elapsed = 00:00:00.1 . Memory (MB): peak = 2960.465 ; gain = 0.000 ; free physical = 4694 ; free virtual = 35237
INFO: [Vivado 12-24828] Executing command : report_utilization -file robot_arm_wrapper_utilization_placed.rpt -pb robot_arm_wrapper_utilization_placed.pb
INFO: [Vivado 12-24828] Executing command : report_io -file robot_arm_wrapper_io_placed.rpt
report_io: Time (s): cpu = 00:00:00.18 ; elapsed = 00:00:00.19 . Memory (MB): peak = 2960.465 ; gain = 0.000 ; free physical = 4694 ; free virtual = 35236
INFO: [Timing 38-480] Writing timing data to binary archive.
Write ShapeDB Complete: Time (s): cpu = 00:00:00.06 ; elapsed = 00:00:00.01 . Memory (MB): peak = 2960.465 ; gain = 0.000 ; free physical = 4693 ; free virtual = 35236
Wrote PlaceDB: Time (s): cpu = 00:00:01 ; elapsed = 00:00:00.29 . Memory (MB): peak = 2960.465 ; gain = 0.000 ; free physical = 4685 ; free virtual = 35237
Wrote PulsedLatchDB: Time (s): cpu = 00:00:00 ; elapsed = 00:00:00 . Memory (MB): peak = 2960.465 ; gain = 0.000 ; free physical = 4685 ; free virtual = 35237
Writing XDEF routing.
Writing XDEF routing logical nets.
Writing XDEF routing special nets.
Wrote RouteStorage: Time (s): cpu = 00:00:00.05 ; elapsed = 00:00:00.01 . Memory (MB): peak = 2960.465 ; gain = 0.000 ; free physical = 4685 ; free virtual = 35237
Wrote Netlist Cache: Time (s): cpu = 00:00:00.01 ; elapsed = 00:00:00.01 . Memory (MB): peak = 2960.465 ; gain = 0.000 ; free physical = 4685 ; free virtual = 35237
Wrote Device Cache: Time (s): cpu = 00:00:00.01 ; elapsed = 00:00:00 . Memory (MB): peak = 2960.465 ; gain = 0.000 ; free physical = 4685 ; free virtual = 35237
Write Physdb Complete: Time (s): cpu = 00:00:01 ; elapsed = 00:00:00.31 . Memory (MB): peak = 2960.465 ; gain = 0.000 ; free physical = 4685 ; free virtual = 35237
INFO: [Common 17-1381] The checkpoint '/home/user1/workspace_ondevice_2/SoC/robot_arm/robot_arm.runs/impl_1/robot_arm_wrapper_placed.dcp' has been generated.
Command: phys_opt_design
Attempting to get a license for feature 'Implementation' and/or device 'xc7a35t'
INFO: [Common 17-349] Got license for feature 'Implementation' and/or device 'xc7a35t'

Starting Initial Update Timing Task

Time (s): cpu = 00:00:03 ; elapsed = 00:00:00.69 . Memory (MB): peak = 2960.465 ; gain = 0.000 ; free physical = 4689 ; free virtual = 35235
INFO: [Vivado_Tcl 4-2279] Estimated Timing Summary | WNS= 0.617 | TNS= 0.000 | 
INFO: [Vivado_Tcl 4-383] Design worst setup slack (WNS) is greater than or equal to 0.000 ns. All physical synthesis setup optimizations will be skipped.
INFO: [Vivado_Tcl 4-232] No setup violation found. The netlist was not modified.
INFO: [Common 17-83] Releasing license: Implementation
93 Infos, 1 Warnings, 0 Critical Warnings and 0 Errors encountered.
phys_opt_design completed successfully
INFO: [Timing 38-480] Writing timing data to binary archive.
Write ShapeDB Complete: Time (s): cpu = 00:00:00.05 ; elapsed = 00:00:00.01 . Memory (MB): peak = 2960.465 ; gain = 0.000 ; free physical = 4689 ; free virtual = 35236
Wrote PlaceDB: Time (s): cpu = 00:00:00.97 ; elapsed = 00:00:00.26 . Memory (MB): peak = 2960.465 ; gain = 0.000 ; free physical = 4681 ; free virtual = 35236
Wrote PulsedLatchDB: Time (s): cpu = 00:00:00 ; elapsed = 00:00:00 . Memory (MB): peak = 2960.465 ; gain = 0.000 ; free physical = 4681 ; free virtual = 35236
Writing XDEF routing.
Writing XDEF routing logical nets.
Writing XDEF routing special nets.
Wrote RouteStorage: Time (s): cpu = 00:00:00.04 ; elapsed = 00:00:00.02 . Memory (MB): peak = 2960.465 ; gain = 0.000 ; free physical = 4681 ; free virtual = 35236
Wrote Netlist Cache: Time (s): cpu = 00:00:00.01 ; elapsed = 00:00:00 . Memory (MB): peak = 2960.465 ; gain = 0.000 ; free physical = 4681 ; free virtual = 35236
Wrote Device Cache: Time (s): cpu = 00:00:00.01 ; elapsed = 00:00:00 . Memory (MB): peak = 2960.465 ; gain = 0.000 ; free physical = 4681 ; free virtual = 35237
Write Physdb Complete: Time (s): cpu = 00:00:01 ; elapsed = 00:00:00.29 . Memory (MB): peak = 2960.465 ; gain = 0.000 ; free physical = 4681 ; free virtual = 35237
INFO: [Common 17-1381] The checkpoint '/home/user1/workspace_ondevice_2/SoC/robot_arm/robot_arm.runs/impl_1/robot_arm_wrapper_physopt.dcp' has been generated.
Command: route_design
Attempting to get a license for feature 'Implementation' and/or device 'xc7a35t'
INFO: [Common 17-349] Got license for feature 'Implementation' and/or device 'xc7a35t'


Starting Routing Task
INFO: [Route 35-254] Multithreading enabled for route_design using a maximum of 8 CPUs

Phase 1 Build RT Design
Checksum: PlaceDB: 162c62a2 ConstDB: 0 ShapeSum: 1a18fee3 RouteDB: a0815c57
Post Restoration Checksum: NetGraph: 486c9dad | NumContArr: 813aa3e6 | Constraints: c2a8fa9d | Timing: c2a8fa9d
Phase 1 Build RT Design | Checksum: 24ef936cd

Time (s): cpu = 00:00:17 ; elapsed = 00:00:13 . Memory (MB): peak = 2960.465 ; gain = 0.000 ; free physical = 4661 ; free virtual = 35210

Phase 2 Router Initialization

Phase 2.1 Fix Topology Constraints
Phase 2.1 Fix Topology Constraints | Checksum: 24ef936cd

Time (s): cpu = 00:00:17 ; elapsed = 00:00:13 . Memory (MB): peak = 2960.465 ; gain = 0.000 ; free physical = 4661 ; free virtual = 35210

Phase 2.2 Pre Route Cleanup
Phase 2.2 Pre Route Cleanup | Checksum: 24ef936cd

Time (s): cpu = 00:00:17 ; elapsed = 00:00:13 . Memory (MB): peak = 2960.465 ; gain = 0.000 ; free physical = 4661 ; free virtual = 35210
 Number of Nodes with overlaps = 0

Phase 2.3 Update Timing
Phase 2.3 Update Timing | Checksum: 1b4a0105e

Time (s): cpu = 00:00:21 ; elapsed = 00:00:15 . Memory (MB): peak = 2960.465 ; gain = 0.000 ; free physical = 4645 ; free virtual = 35195
INFO: [Route 35-416] Intermediate Timing Summary | WNS=0.607  | TNS=0.000  | WHS=-0.277 | THS=-196.201|


Router Utilization Summary
  Global Vertical Routing Utilization    = 0.00661724 %
  Global Horizontal Routing Utilization  = 0.00130141 %
  Routable Net Status*
  *Does not include unroutable nets such as driverless and loadless.
  Run report_route_status for detailed report.
  Number of Failed Nets               = 6309
    (Failed Nets is the sum of unrouted and partially routed nets)
  Number of Unrouted Nets             = 6309
  Number of Partially Routed Nets     = 0
  Number of Node Overlaps             = 0

Phase 2 Router Initialization | Checksum: 2a56e0e40

Time (s): cpu = 00:00:23 ; elapsed = 00:00:15 . Memory (MB): peak = 2960.465 ; gain = 0.000 ; free physical = 4636 ; free virtual = 35188

Phase 3 Global Routing
Phase 3 Global Routing | Checksum: 2a56e0e40

Time (s): cpu = 00:00:23 ; elapsed = 00:00:15 . Memory (MB): peak = 2960.465 ; gain = 0.000 ; free physical = 4636 ; free virtual = 35188

Phase 4 Initial Routing

Phase 4.1 Initial Net Routing Pass
Phase 4.1 Initial Net Routing Pass | Checksum: 29d4981a1

Time (s): cpu = 00:00:33 ; elapsed = 00:00:17 . Memory (MB): peak = 3081.516 ; gain = 121.051 ; free physical = 4441 ; free virtual = 34993
Phase 4 Initial Routing | Checksum: 29d4981a1

Time (s): cpu = 00:00:33 ; elapsed = 00:00:17 . Memory (MB): peak = 3081.516 ; gain = 121.051 ; free physical = 4441 ; free virtual = 34993

Phase 5 Rip-up And Reroute

Phase 5.1 Global Iteration 0
 Number of Nodes with overlaps = 938
 Number of Nodes with overlaps = 192
 Number of Nodes with overlaps = 77
 Number of Nodes with overlaps = 40
 Number of Nodes with overlaps = 18
 Number of Nodes with overlaps = 5
 Number of Nodes with overlaps = 2
 Number of Nodes with overlaps = 1
 Number of Nodes with overlaps = 1
 Number of Nodes with overlaps = 0
INFO: [Route 35-416] Intermediate Timing Summary | WNS=0.937  | TNS=0.000  | WHS=N/A    | THS=N/A    |

Phase 5.1 Global Iteration 0 | Checksum: 2f0f3a240

Time (s): cpu = 00:00:45 ; elapsed = 00:00:25 . Memory (MB): peak = 3081.516 ; gain = 121.051 ; free physical = 4428 ; free virtual = 34980
Phase 5 Rip-up And Reroute | Checksum: 2f0f3a240

Time (s): cpu = 00:00:45 ; elapsed = 00:00:25 . Memory (MB): peak = 3081.516 ; gain = 121.051 ; free physical = 4428 ; free virtual = 34980

Phase 6 Delay and Skew Optimization

Phase 6.1 Delay CleanUp

Phase 6.1.1 Update Timing
Phase 6.1.1 Update Timing | Checksum: 333d76eb8

Time (s): cpu = 00:00:46 ; elapsed = 00:00:25 . Memory (MB): peak = 3081.516 ; gain = 121.051 ; free physical = 4430 ; free virtual = 34982
INFO: [Route 35-416] Intermediate Timing Summary | WNS=1.016  | TNS=0.000  | WHS=N/A    | THS=N/A    |

Phase 6.1 Delay CleanUp | Checksum: 333d76eb8

Time (s): cpu = 00:00:46 ; elapsed = 00:00:25 . Memory (MB): peak = 3081.516 ; gain = 121.051 ; free physical = 4430 ; free virtual = 34982

Phase 6.2 Clock Skew Optimization
Phase 6.2 Clock Skew Optimization | Checksum: 333d76eb8

Time (s): cpu = 00:00:46 ; elapsed = 00:00:25 . Memory (MB): peak = 3081.516 ; gain = 121.051 ; free physical = 4430 ; free virtual = 34982
Phase 6 Delay and Skew Optimization | Checksum: 333d76eb8

Time (s): cpu = 00:00:46 ; elapsed = 00:00:25 . Memory (MB): peak = 3081.516 ; gain = 121.051 ; free physical = 4430 ; free virtual = 34982

Phase 7 Post Hold Fix

Phase 7.1 Hold Fix Iter
INFO: [Route 35-416] Intermediate Timing Summary | WNS=1.016  | TNS=0.000  | WHS=0.027  | THS=0.000  |

Phase 7.1 Hold Fix Iter | Checksum: 36534c2f1

Time (s): cpu = 00:00:47 ; elapsed = 00:00:25 . Memory (MB): peak = 3081.516 ; gain = 121.051 ; free physical = 4431 ; free virtual = 34983
Phase 7 Post Hold Fix | Checksum: 36534c2f1

Time (s): cpu = 00:00:47 ; elapsed = 00:00:25 . Memory (MB): peak = 3081.516 ; gain = 121.051 ; free physical = 4431 ; free virtual = 34983

Phase 8 Route finalize

Router Utilization Summary
  Global Vertical Routing Utilization    = 2.46831 %
  Global Horizontal Routing Utilization  = 2.95445 %
  Routable Net Status*
  *Does not include unroutable nets such as driverless and loadless.
  Run report_route_status for detailed report.
  Number of Failed Nets               = 0
    (Failed Nets is the sum of unrouted and partially routed nets)
  Number of Unrouted Nets             = 0
  Number of Partially Routed Nets     = 0
  Number of Node Overlaps             = 0

Phase 8 Route finalize | Checksum: 36534c2f1

Time (s): cpu = 00:00:47 ; elapsed = 00:00:25 . Memory (MB): peak = 3081.516 ; gain = 121.051 ; free physical = 4431 ; free virtual = 34983

Phase 9 Verifying routed nets

 Verification completed successfully
Phase 9 Verifying routed nets | Checksum: 36534c2f1

Time (s): cpu = 00:00:47 ; elapsed = 00:00:25 . Memory (MB): peak = 3081.516 ; gain = 121.051 ; free physical = 4431 ; free virtual = 34983

Phase 10 Depositing Routes
Phase 10 Depositing Routes | Checksum: 36c639943

Time (s): cpu = 00:00:48 ; elapsed = 00:00:25 . Memory (MB): peak = 3081.516 ; gain = 121.051 ; free physical = 4430 ; free virtual = 34983

Phase 11 Post Process Routing
Phase 11 Post Process Routing | Checksum: 36c639943

Time (s): cpu = 00:00:48 ; elapsed = 00:00:25 . Memory (MB): peak = 3081.516 ; gain = 121.051 ; free physical = 4430 ; free virtual = 34983

Phase 12 Post Router Timing
INFO: [Route 35-57] Estimated Timing Summary | WNS=1.016  | TNS=0.000  | WHS=0.027  | THS=0.000  |

INFO: [Route 35-327] The final timing numbers are based on the router estimated timing analysis. For a complete and accurate timing signoff, please run report_timing_summary.
Phase 12 Post Router Timing | Checksum: 36c639943

Time (s): cpu = 00:00:48 ; elapsed = 00:00:25 . Memory (MB): peak = 3081.516 ; gain = 121.051 ; free physical = 4430 ; free virtual = 34983
Total Elapsed time in route_design: 25.49 secs

Phase 13 Post-Route Event Processing
Phase 13 Post-Route Event Processing | Checksum: 1ccdccdb4

Time (s): cpu = 00:00:48 ; elapsed = 00:00:26 . Memory (MB): peak = 3081.516 ; gain = 121.051 ; free physical = 4430 ; free virtual = 34983
INFO: [Route 35-16] Router Completed Successfully
Ending Routing Task | Checksum: 1ccdccdb4

Time (s): cpu = 00:00:48 ; elapsed = 00:00:26 . Memory (MB): peak = 3081.516 ; gain = 121.051 ; free physical = 4430 ; free virtual = 34983

Routing Is Done.
INFO: [Common 17-83] Releasing license: Implementation
105 Infos, 1 Warnings, 0 Critical Warnings and 0 Errors encountered.
route_design completed successfully
route_design: Time (s): cpu = 00:00:48 ; elapsed = 00:00:26 . Memory (MB): peak = 3081.516 ; gain = 121.051 ; free physical = 4430 ; free virtual = 34983
INFO: [Vivado 12-24828] Executing command : report_drc -file robot_arm_wrapper_drc_routed.rpt -pb robot_arm_wrapper_drc_routed.pb -rpx robot_arm_wrapper_drc_routed.rpx
Command: report_drc -file robot_arm_wrapper_drc_routed.rpt -pb robot_arm_wrapper_drc_routed.pb -rpx robot_arm_wrapper_drc_routed.rpx
INFO: [IP_Flow 19-1839] IP Catalog is up to date.
INFO: [DRC 23-27] Running DRC with 8 threads
INFO: [Vivado_Tcl 2-168] The results of DRC are in file /home/user1/workspace_ondevice_2/SoC/robot_arm/robot_arm.runs/impl_1/robot_arm_wrapper_drc_routed.rpt.
report_drc completed successfully
INFO: [Vivado 12-24828] Executing command : report_methodology -file robot_arm_wrapper_methodology_drc_routed.rpt -pb robot_arm_wrapper_methodology_drc_routed.pb -rpx robot_arm_wrapper_methodology_drc_routed.rpx
Command: report_methodology -file robot_arm_wrapper_methodology_drc_routed.rpt -pb robot_arm_wrapper_methodology_drc_routed.pb -rpx robot_arm_wrapper_methodology_drc_routed.rpx
INFO: [Timing 38-35] Done setting XDC timing constraints.
INFO: [DRC 23-133] Running Methodology with 8 threads
INFO: [Vivado_Tcl 2-1520] The results of Report Methodology are in file /home/user1/workspace_ondevice_2/SoC/robot_arm/robot_arm.runs/impl_1/robot_arm_wrapper_methodology_drc_routed.rpt.
report_methodology completed successfully
INFO: [Vivado 12-24828] Executing command : report_timing_summary -max_paths 10 -report_unconstrained -file robot_arm_wrapper_timing_summary_routed.rpt -pb robot_arm_wrapper_timing_summary_routed.pb -rpx robot_arm_wrapper_timing_summary_routed.rpx -warn_on_violation 
INFO: [Timing 38-35] Done setting XDC timing constraints.
INFO: [Timing 38-91] UpdateTimingParams: Speed grade: -1, Delay Type: min_max.
INFO: [Timing 38-191] Multithreading enabled for timing update using a maximum of 8 CPUs
INFO: [Vivado 12-24838] Running report commands "report_bus_skew, report_incremental_reuse, report_route_status" in parallel.
Running report generation with 3 threads.
INFO: [Vivado 12-24828] Executing command : report_incremental_reuse -file robot_arm_wrapper_incremental_reuse_routed.rpt
INFO: [Vivado_Tcl 4-1062] Incremental flow is disabled. No incremental reuse Info to report.
INFO: [Vivado 12-24828] Executing command : report_route_status -file robot_arm_wrapper_route_status.rpt -pb robot_arm_wrapper_route_status.pb
INFO: [Vivado 12-24828] Executing command : report_bus_skew -warn_on_violation -file robot_arm_wrapper_bus_skew_routed.rpt -pb robot_arm_wrapper_bus_skew_routed.pb -rpx robot_arm_wrapper_bus_skew_routed.rpx
INFO: [Timing 38-91] UpdateTimingParams: Speed grade: -1, Delay Type: min_max.
INFO: [Timing 38-191] Multithreading enabled for timing update using a maximum of 8 CPUs
INFO: [Vivado 12-24828] Executing command : report_power -file robot_arm_wrapper_power_routed.rpt -pb robot_arm_wrapper_power_summary_routed.pb -rpx robot_arm_wrapper_power_routed.rpx
Command: report_power -file robot_arm_wrapper_power_routed.rpt -pb robot_arm_wrapper_power_summary_routed.pb -rpx robot_arm_wrapper_power_routed.rpx
Running Vector-less Activity Propagation...

Finished Running Vector-less Activity Propagation
WARNING: [Power 33-332] Found switching activity that implies high-fanout reset nets being asserted for excessive periods of time which may result in inaccurate power analysis.
Resolution: To review and fix problems, please run Power Constraints Advisor in the GUI from Tools > Power Constraints Advisor or run report_power with the -advisory option to generate a text report.
125 Infos, 2 Warnings, 0 Critical Warnings and 0 Errors encountered.
report_power completed successfully
INFO: [Vivado 12-24828] Executing command : report_clock_utilization -file robot_arm_wrapper_clock_utilization_routed.rpt
generate_parallel_reports: Time (s): cpu = 00:00:30 ; elapsed = 00:00:07 . Memory (MB): peak = 3137.543 ; gain = 56.027 ; free physical = 4462 ; free virtual = 35025
INFO: [Timing 38-480] Writing timing data to binary archive.
Write ShapeDB Complete: Time (s): cpu = 00:00:00.06 ; elapsed = 00:00:00.01 . Memory (MB): peak = 3137.543 ; gain = 0.000 ; free physical = 4462 ; free virtual = 35026
Wrote PlaceDB: Time (s): cpu = 00:00:00.98 ; elapsed = 00:00:00.29 . Memory (MB): peak = 3137.543 ; gain = 0.000 ; free physical = 4452 ; free virtual = 35024
Wrote PulsedLatchDB: Time (s): cpu = 00:00:00 ; elapsed = 00:00:00 . Memory (MB): peak = 3137.543 ; gain = 0.000 ; free physical = 4452 ; free virtual = 35024
Writing XDEF routing.
Writing XDEF routing logical nets.
Writing XDEF routing special nets.
Wrote RouteStorage: Time (s): cpu = 00:00:00.19 ; elapsed = 00:00:00.06 . Memory (MB): peak = 3137.543 ; gain = 0.000 ; free physical = 4452 ; free virtual = 35025
Wrote Netlist Cache: Time (s): cpu = 00:00:00.02 ; elapsed = 00:00:00 . Memory (MB): peak = 3137.543 ; gain = 0.000 ; free physical = 4452 ; free virtual = 35025
Wrote Device Cache: Time (s): cpu = 00:00:00.01 ; elapsed = 00:00:00 . Memory (MB): peak = 3137.543 ; gain = 0.000 ; free physical = 4452 ; free virtual = 35026
Write Physdb Complete: Time (s): cpu = 00:00:01 ; elapsed = 00:00:00.36 . Memory (MB): peak = 3137.543 ; gain = 0.000 ; free physical = 4452 ; free virtual = 35026
INFO: [Common 17-1381] The checkpoint '/home/user1/workspace_ondevice_2/SoC/robot_arm/robot_arm.runs/impl_1/robot_arm_wrapper_routed.dcp' has been generated.
INFO: [Common 17-206] Exiting Vivado at Fri Apr 17 14:17:24 2026...

*** Running vivado
    with args -log robot_arm_wrapper.vdi -applog -m64 -product Vivado -messageDb vivado.pb -mode batch -source robot_arm_wrapper.tcl -notrace


****** Vivado v2024.2 (64-bit)
  **** SW Build 5239630 on Fri Nov 08 22:34:34 MST 2024
  **** IP Build 5239520 on Sun Nov 10 16:12:51 MST 2024
  **** SharedData Build 5239561 on Fri Nov 08 14:39:27 MST 2024
  **** Start of session at: Fri Apr 17 14:17:34 2026
    ** Copyright 1986-2022 Xilinx, Inc. All Rights Reserved.
    ** Copyright 2022-2024 Advanced Micro Devices, Inc. All Rights Reserved.

source robot_arm_wrapper.tcl -notrace
Command: open_checkpoint robot_arm_wrapper_routed.dcp
INFO: [Device 21-403] Loading part xc7a35tcpg236-1
Netlist sorting complete. Time (s): cpu = 00:00:00.19 ; elapsed = 00:00:00.2 . Memory (MB): peak = 1463.973 ; gain = 0.000 ; free physical = 5880 ; free virtual = 36446
INFO: [Netlist 29-17] Analyzing 212 Unisim elements for replacement
INFO: [Netlist 29-28] Unisim Transformation completed in 0 CPU seconds
INFO: [Project 1-479] Netlist was created with Vivado 2024.2
INFO: [Project 1-570] Preparing netlist for logic optimization
Read ShapeDB Complete: Time (s): cpu = 00:00:00.02 ; elapsed = 00:00:00.01 . Memory (MB): peak = 1579.691 ; gain = 1.000 ; free physical = 5755 ; free virtual = 36322
INFO: [Timing 38-478] Restoring timing data from binary archive.
INFO: [Timing 38-479] Binary timing data restore complete.
INFO: [Project 1-856] Restoring constraints from binary archive.
INFO: [Project 1-853] Binary constraint restore complete.
INFO: [Designutils 20-5722] Start Reading Physical Databases.
Reading placement.
Read Netlist Cache: Time (s): cpu = 00:00:00.01 ; elapsed = 00:00:00.01 . Memory (MB): peak = 2165.691 ; gain = 0.000 ; free physical = 5275 ; free virtual = 35842
Reading placer database...
Read Device Cache: Time (s): cpu = 00:00:00 ; elapsed = 00:00:00 . Memory (MB): peak = 2165.691 ; gain = 0.000 ; free physical = 5275 ; free virtual = 35842
Read PlaceDB: Time (s): cpu = 00:00:00.22 ; elapsed = 00:00:00.21 . Memory (MB): peak = 2165.691 ; gain = 0.000 ; free physical = 5275 ; free virtual = 35841
Read PulsedLatchDB: Time (s): cpu = 00:00:00 ; elapsed = 00:00:00 . Memory (MB): peak = 2165.691 ; gain = 0.000 ; free physical = 5275 ; free virtual = 35841
Reading routing.
Read RouteStorage: Time (s): cpu = 00:00:00.14 ; elapsed = 00:00:00.05 . Memory (MB): peak = 2165.691 ; gain = 0.000 ; free physical = 5274 ; free virtual = 35841
Read Physdb Files: Time (s): cpu = 00:00:00.37 ; elapsed = 00:00:00.28 . Memory (MB): peak = 2165.691 ; gain = 0.000 ; free physical = 5274 ; free virtual = 35841
Restored from archive | CPU: 0.410000 secs | Memory: 9.466919 MB |
Finished XDEF File Restore: Time (s): cpu = 00:00:00.4 ; elapsed = 00:00:00.32 . Memory (MB): peak = 2165.691 ; gain = 2.969 ; free physical = 5274 ; free virtual = 35841
Netlist sorting complete. Time (s): cpu = 00:00:00 ; elapsed = 00:00:00 . Memory (MB): peak = 2165.691 ; gain = 0.000 ; free physical = 5274 ; free virtual = 35841
INFO: [Project 1-111] Unisim Transformation Summary:
  A total of 63 instances were transformed.
  LUT6_2 => LUT6_2 (LUT5, LUT6): 47 instances
  RAM32M => RAM32M (RAMD32(x6), RAMS32(x2)): 16 instances

INFO: [Project 1-604] Checkpoint was created with Vivado v2024.2 (64-bit) build 5239630
WARNING: [Vivado 12-23575] Critical violations of the methodology design rules detected. Critical violations may contribute to timing failures or cause functional issues in hardware. Run report_methodology for more information.
open_checkpoint: Time (s): cpu = 00:00:11 ; elapsed = 00:00:11 . Memory (MB): peak = 2165.691 ; gain = 787.934 ; free physical = 5274 ; free virtual = 35841
Command: write_bitstream -force robot_arm_wrapper.bit
Attempting to get a license for feature 'Implementation' and/or device 'xc7a35t'
INFO: [Common 17-349] Got license for feature 'Implementation' and/or device 'xc7a35t'
Running DRC as a precondition to command write_bitstream
INFO: [IP_Flow 19-234] Refreshing IP repositories
INFO: [IP_Flow 19-1704] No user IP repositories specified
INFO: [IP_Flow 19-2313] Loaded Vivado IP repository '/opt/Xilinx/Vivado/2024.2/data/ip'.
INFO: [DRC 23-27] Running DRC with 8 threads
INFO: [Vivado 12-3199] DRC finished with 0 Errors
INFO: [Vivado 12-3200] Please refer to the DRC report (report_drc) for more information.
INFO: [Designutils 20-2272] Running write_bitstream with 8 threads.
Loading data files...
Loading site data...
Loading route data...
Processing options...
Creating bitmap...
Creating bitstream...
Bitstream compression saved 11746432 bits.
Writing bitstream ./robot_arm_wrapper.bit...
INFO: [Vivado 12-1842] Bitgen Completed Successfully.
INFO: [Project 1-1876] WebTalk data collection is mandatory when using a ULT device. To see the specific WebTalk data collected for your design, open the usage_statistics_webtalk.html or usage_statistics_webtalk.xml file in the implementation directory.
INFO: [Common 17-83] Releasing license: Implementation
23 Infos, 1 Warnings, 0 Critical Warnings and 0 Errors encountered.
write_bitstream completed successfully
write_bitstream: Time (s): cpu = 00:00:23 ; elapsed = 00:00:20 . Memory (MB): peak = 2717.195 ; gain = 551.504 ; free physical = 4776 ; free virtual = 35348
INFO: [Common 17-206] Exiting Vivado at Fri Apr 17 14:18:07 2026...

*** Running vivado
    with args -log robot_arm_wrapper.vdi -applog -m64 -product Vivado -messageDb vivado.pb -mode batch -source robot_arm_wrapper.tcl -notrace


****** Vivado v2024.2 (64-bit)
  **** SW Build 5239630 on Fri Nov 08 22:34:34 MST 2024
  **** IP Build 5239520 on Sun Nov 10 16:12:51 MST 2024
  **** SharedData Build 5239561 on Fri Nov 08 14:39:27 MST 2024
  **** Start of session at: Fri Apr 17 15:45:23 2026
    ** Copyright 1986-2022 Xilinx, Inc. All Rights Reserved.
    ** Copyright 2022-2024 Advanced Micro Devices, Inc. All Rights Reserved.

source robot_arm_wrapper.tcl -notrace
Command: open_checkpoint robot_arm_wrapper_routed.dcp
INFO: [Device 21-403] Loading part xc7a35tcpg236-1
Netlist sorting complete. Time (s): cpu = 00:00:00.2 ; elapsed = 00:00:00.2 . Memory (MB): peak = 1464.004 ; gain = 0.000 ; free physical = 4026 ; free virtual = 36606
INFO: [Netlist 29-17] Analyzing 212 Unisim elements for replacement
INFO: [Netlist 29-28] Unisim Transformation completed in 0 CPU seconds
INFO: [Project 1-479] Netlist was created with Vivado 2024.2
INFO: [Project 1-570] Preparing netlist for logic optimization
Read ShapeDB Complete: Time (s): cpu = 00:00:00.01 ; elapsed = 00:00:00.01 . Memory (MB): peak = 1579.723 ; gain = 2.000 ; free physical = 3888 ; free virtual = 36468
INFO: [Timing 38-478] Restoring timing data from binary archive.
INFO: [Timing 38-479] Binary timing data restore complete.
INFO: [Project 1-856] Restoring constraints from binary archive.
INFO: [Project 1-853] Binary constraint restore complete.
INFO: [Designutils 20-5722] Start Reading Physical Databases.
Reading placement.
Read Netlist Cache: Time (s): cpu = 00:00:00 ; elapsed = 00:00:00.01 . Memory (MB): peak = 2163.754 ; gain = 0.000 ; free physical = 3336 ; free virtual = 35934
Reading placer database...
Read Device Cache: Time (s): cpu = 00:00:00.01 ; elapsed = 00:00:00 . Memory (MB): peak = 2163.754 ; gain = 0.000 ; free physical = 3336 ; free virtual = 35934
Read PlaceDB: Time (s): cpu = 00:00:00.24 ; elapsed = 00:00:00.23 . Memory (MB): peak = 2163.754 ; gain = 0.000 ; free physical = 3339 ; free virtual = 35937
Read PulsedLatchDB: Time (s): cpu = 00:00:00 ; elapsed = 00:00:00.01 . Memory (MB): peak = 2163.754 ; gain = 0.000 ; free physical = 3339 ; free virtual = 35937
Reading routing.
Read RouteStorage: Time (s): cpu = 00:00:00.15 ; elapsed = 00:00:00.05 . Memory (MB): peak = 2163.754 ; gain = 0.000 ; free physical = 3329 ; free virtual = 35926
Read Physdb Files: Time (s): cpu = 00:00:00.4 ; elapsed = 00:00:00.31 . Memory (MB): peak = 2163.754 ; gain = 0.000 ; free physical = 3329 ; free virtual = 35926
Restored from archive | CPU: 0.450000 secs | Memory: 9.466370 MB |
Finished XDEF File Restore: Time (s): cpu = 00:00:00.44 ; elapsed = 00:00:00.35 . Memory (MB): peak = 2163.754 ; gain = 6.938 ; free physical = 3329 ; free virtual = 35926
Netlist sorting complete. Time (s): cpu = 00:00:00.01 ; elapsed = 00:00:00.01 . Memory (MB): peak = 2163.754 ; gain = 0.000 ; free physical = 3328 ; free virtual = 35926
INFO: [Project 1-111] Unisim Transformation Summary:
  A total of 63 instances were transformed.
  LUT6_2 => LUT6_2 (LUT5, LUT6): 47 instances
  RAM32M => RAM32M (RAMD32(x6), RAMS32(x2)): 16 instances

INFO: [Project 1-604] Checkpoint was created with Vivado v2024.2 (64-bit) build 5239630
WARNING: [Vivado 12-23575] Critical violations of the methodology design rules detected. Critical violations may contribute to timing failures or cause functional issues in hardware. Run report_methodology for more information.
open_checkpoint: Time (s): cpu = 00:00:11 ; elapsed = 00:00:12 . Memory (MB): peak = 2163.754 ; gain = 787.965 ; free physical = 3328 ; free virtual = 35926
Command: write_bitstream -force robot_arm_wrapper.bit
Attempting to get a license for feature 'Implementation' and/or device 'xc7a35t'
INFO: [Common 17-349] Got license for feature 'Implementation' and/or device 'xc7a35t'
Running DRC as a precondition to command write_bitstream
INFO: [IP_Flow 19-234] Refreshing IP repositories
INFO: [IP_Flow 19-1704] No user IP repositories specified
INFO: [IP_Flow 19-2313] Loaded Vivado IP repository '/opt/Xilinx/Vivado/2024.2/data/ip'.
INFO: [DRC 23-27] Running DRC with 8 threads
INFO: [Vivado 12-3199] DRC finished with 0 Errors
INFO: [Vivado 12-3200] Please refer to the DRC report (report_drc) for more information.
INFO: [Designutils 20-2272] Running write_bitstream with 8 threads.
Loading data files...
Loading site data...
Loading route data...
Processing options...
Creating bitmap...
Creating bitstream...
Bitstream compression saved 11746432 bits.
Writing bitstream ./robot_arm_wrapper.bit...
INFO: [Vivado 12-1842] Bitgen Completed Successfully.
INFO: [Project 1-1876] WebTalk data collection is mandatory when using a ULT device. To see the specific WebTalk data collected for your design, open the usage_statistics_webtalk.html or usage_statistics_webtalk.xml file in the implementation directory.
INFO: [Common 17-83] Releasing license: Implementation
23 Infos, 1 Warnings, 0 Critical Warnings and 0 Errors encountered.
write_bitstream completed successfully
write_bitstream: Time (s): cpu = 00:00:24 ; elapsed = 00:00:20 . Memory (MB): peak = 2717.641 ; gain = 553.887 ; free physical = 2937 ; free virtual = 35539
INFO: [Common 17-206] Exiting Vivado at Fri Apr 17 15:45:57 2026...

*** Running vivado
    with args -log robot_arm_wrapper.vdi -applog -m64 -product Vivado -messageDb vivado.pb -mode batch -source robot_arm_wrapper.tcl -notrace


****** Vivado v2024.2 (64-bit)
  **** SW Build 5239630 on Fri Nov 08 22:34:34 MST 2024
  **** IP Build 5239520 on Sun Nov 10 16:12:51 MST 2024
  **** SharedData Build 5239561 on Fri Nov 08 14:39:27 MST 2024
  **** Start of session at: Fri Apr 17 16:42:35 2026
    ** Copyright 1986-2022 Xilinx, Inc. All Rights Reserved.
    ** Copyright 2022-2024 Advanced Micro Devices, Inc. All Rights Reserved.

source robot_arm_wrapper.tcl -notrace
Command: open_checkpoint robot_arm_wrapper_routed.dcp
INFO: [Device 21-403] Loading part xc7a35tcpg236-1
Netlist sorting complete. Time (s): cpu = 00:00:00.2 ; elapsed = 00:00:00.2 . Memory (MB): peak = 1464.051 ; gain = 0.000 ; free physical = 2179 ; free virtual = 31354
INFO: [Netlist 29-17] Analyzing 212 Unisim elements for replacement
INFO: [Netlist 29-28] Unisim Transformation completed in 0 CPU seconds
INFO: [Project 1-479] Netlist was created with Vivado 2024.2
INFO: [Project 1-570] Preparing netlist for logic optimization
Read ShapeDB Complete: Time (s): cpu = 00:00:00.01 ; elapsed = 00:00:00.01 . Memory (MB): peak = 1579.770 ; gain = 2.000 ; free physical = 2043 ; free virtual = 31227
INFO: [Timing 38-478] Restoring timing data from binary archive.
INFO: [Timing 38-479] Binary timing data restore complete.
INFO: [Project 1-856] Restoring constraints from binary archive.
INFO: [Project 1-853] Binary constraint restore complete.
INFO: [Designutils 20-5722] Start Reading Physical Databases.
Reading placement.
Read Netlist Cache: Time (s): cpu = 00:00:00.01 ; elapsed = 00:00:00 . Memory (MB): peak = 2162.801 ; gain = 0.000 ; free physical = 1519 ; free virtual = 30729
Reading placer database...
Read Device Cache: Time (s): cpu = 00:00:00 ; elapsed = 00:00:00.01 . Memory (MB): peak = 2162.801 ; gain = 0.000 ; free physical = 1519 ; free virtual = 30729
Read PlaceDB: Time (s): cpu = 00:00:00.24 ; elapsed = 00:00:00.23 . Memory (MB): peak = 2162.801 ; gain = 0.000 ; free physical = 1517 ; free virtual = 30727
Read PulsedLatchDB: Time (s): cpu = 00:00:00 ; elapsed = 00:00:00 . Memory (MB): peak = 2162.801 ; gain = 0.000 ; free physical = 1517 ; free virtual = 30727
Reading routing.
Read RouteStorage: Time (s): cpu = 00:00:00.14 ; elapsed = 00:00:00.06 . Memory (MB): peak = 2162.801 ; gain = 0.000 ; free physical = 1519 ; free virtual = 30729
Read Physdb Files: Time (s): cpu = 00:00:00.39 ; elapsed = 00:00:00.3 . Memory (MB): peak = 2162.801 ; gain = 0.000 ; free physical = 1519 ; free virtual = 30729
Restored from archive | CPU: 0.450000 secs | Memory: 9.466370 MB |
Finished XDEF File Restore: Time (s): cpu = 00:00:00.43 ; elapsed = 00:00:00.35 . Memory (MB): peak = 2162.801 ; gain = 2.969 ; free physical = 1519 ; free virtual = 30729
Netlist sorting complete. Time (s): cpu = 00:00:00 ; elapsed = 00:00:00 . Memory (MB): peak = 2162.801 ; gain = 0.000 ; free physical = 1519 ; free virtual = 30729
INFO: [Project 1-111] Unisim Transformation Summary:
  A total of 63 instances were transformed.
  LUT6_2 => LUT6_2 (LUT5, LUT6): 47 instances
  RAM32M => RAM32M (RAMD32(x6), RAMS32(x2)): 16 instances

INFO: [Project 1-604] Checkpoint was created with Vivado v2024.2 (64-bit) build 5239630
WARNING: [Vivado 12-23575] Critical violations of the methodology design rules detected. Critical violations may contribute to timing failures or cause functional issues in hardware. Run report_methodology for more information.
open_checkpoint: Time (s): cpu = 00:00:11 ; elapsed = 00:00:12 . Memory (MB): peak = 2166.801 ; gain = 734.527 ; free physical = 1520 ; free virtual = 30730
Command: write_bitstream -force robot_arm_wrapper.bit
Attempting to get a license for feature 'Implementation' and/or device 'xc7a35t'
INFO: [Common 17-349] Got license for feature 'Implementation' and/or device 'xc7a35t'
Running DRC as a precondition to command write_bitstream
INFO: [IP_Flow 19-234] Refreshing IP repositories
INFO: [IP_Flow 19-1704] No user IP repositories specified
INFO: [IP_Flow 19-2313] Loaded Vivado IP repository '/opt/Xilinx/Vivado/2024.2/data/ip'.
INFO: [DRC 23-27] Running DRC with 8 threads
INFO: [Vivado 12-3199] DRC finished with 0 Errors
INFO: [Vivado 12-3200] Please refer to the DRC report (report_drc) for more information.
INFO: [Designutils 20-2272] Running write_bitstream with 8 threads.
Loading data files...
Loading site data...
Loading route data...
Processing options...
Creating bitmap...
Creating bitstream...
Bitstream compression saved 11746432 bits.
Writing bitstream ./robot_arm_wrapper.bit...
INFO: [Vivado 12-1842] Bitgen Completed Successfully.
INFO: [Project 1-1876] WebTalk data collection is mandatory when using a ULT device. To see the specific WebTalk data collected for your design, open the usage_statistics_webtalk.html or usage_statistics_webtalk.xml file in the implementation directory.
INFO: [Common 17-83] Releasing license: Implementation
23 Infos, 1 Warnings, 0 Critical Warnings and 0 Errors encountered.
write_bitstream completed successfully
write_bitstream: Time (s): cpu = 00:00:26 ; elapsed = 00:00:18 . Memory (MB): peak = 2717.688 ; gain = 550.887 ; free physical = 977 ; free virtual = 30218
INFO: [Common 17-206] Exiting Vivado at Fri Apr 17 16:43:08 2026...
